{"evt": "WAKE_START", "id": "0x795", "period_ms": 100, "payload": "0000000000000000", "ts": "15:33:06.607"}
{"evt": "POWER_OK", "ma": 406.0, "ts": "15:33:29.628"}
{"evt": "WAKE_STOP", "ts": "15:34:07.801"}
{"evt": "OUT_TX", "id": "0x6c0", "t": 0.21, "ts": "15:34:08.011"}
{"evt": "OUT_TX", "id": "0x5a0", "t": 0.21, "ts": "15:34:08.012"}
{"evt": "OUT_TX", "id": "0x603", "t": 0.211, "ts": "15:34:08.012"}
{"evt": "OUT_TX", "id": "0x5a0", "t": 0.71, "ts": "15:34:08.511"}
{"evt": "OUT_TX", "id": "0x6c0", "t": 1.21, "ts": "15:34:09.011"}
{"evt": "OUT_TX", "id": "0x5a0", "t": 1.21, "ts": "15:34:09.012"}
{"evt": "OUT_TX", "id": "0x603", "t": 1.211, "ts": "15:34:09.012"}
{"evt": "OUT_TX", "id": "0x5a0", "t": 1.71, "ts": "15:34:09.511"}
{"evt": "OUT_TX", "id": "0x6c0", "t": 2.21, "ts": "15:34:10.011"}
{"evt": "OUT_TX", "id": "0x5a0", "t": 2.21, "ts": "15:34:10.012"}
{"evt": "OUT_TX", "id": "0x603", "t": 2.21, "ts": "15:34:10.012"}
{"evt": "OUT_TX", "id": "0x5a0", "t": 2.711, "ts": "15:34:10.512"}
{"evt": "OUT_TX", "id": "0x6c0", "t": 3.212, "ts": "15:34:11.013"}
{"evt": "OUT_TX", "id": "0x5a0", "t": 3.212, "ts": "15:34:11.014"}
{"evt": "OUT_TX", "id": "0x603", "t": 3.213, "ts": "15:34:11.014"}
{"evt": "OUT_TX", "id": "0x5a0", "t": 3.712, "ts": "15:34:11.513"}
{"evt": "OUT_TX", "id": "0x6c0", "t": 4.212, "ts": "15:34:12.013"}
{"evt": "OUT_TX", "id": "0x5a0", "t": 4.212, "ts": "15:34:12.014"}
{"evt": "OUT_TX", "id": "0x603", "t": 4.213, "ts": "15:34:12.014"}
{"evt": "OUT_TX", "id": "0x5a0", "t": 4.712, "ts": "15:34:12.513"}
{"evt": "OUT_TX", "id": "0x6c0", "t": 5.213, "ts": "15:34:13.014"}
{"evt": "OUT_TX", "id": "0x5a0", "t": 5.213, "ts": "15:34:13.015"}
{"evt": "OUT_TX", "id": "0x603", "t": 5.213, "ts": "15:34:13.015"}
{"evt": "OUT_TX", "id": "0x5a0", "t": 5.713, "ts": "15:34:13.514"}
{"evt": "OUT_TX", "id": "0x6c0", "t": 6.214, "ts": "15:34:14.015"}
{"evt": "OUT_TX", "id": "0x6c1", "t": 6.214, "ts": "15:34:14.015"}
{"evt": "OUT_TX", "id": "0x5a0", "t": 6.214, "ts": "15:34:14.016"}
{"evt": "OUT_TX", "id": "0x603", "t": 6.215, "ts": "15:34:14.016"}
{"evt": "OUT_TX", "id": "0x5a0", "t": 6.714, "ts": "15:34:14.515"}
{"evt": "OUT_TX", "id": "0x6c0", "t": 7.214, "ts": "15:34:15.015"}
{"evt": "OUT_TX", "id": "0x5a0", "t": 7.214, "ts": "15:34:15.015"}
{"evt": "OUT_TX", "id": "0x603", "t": 7.214, "ts": "15:34:15.016"}
{"evt": "OUT_TX", "id": "0x5a0", "t": 7.715, "ts": "15:34:15.516"}
{"evt": "OUT_TX", "id": "0x6c0", "t": 8.215, "ts": "15:34:16.016"}
{"evt": "OUT_TX", "id": "0x5a0", "t": 8.215, "ts": "15:34:16.017"}
{"evt": "OUT_TX", "id": "0x603", "t": 8.216, "ts": "15:34:16.017"}
{"evt": "OUT_TX", "id": "0x5a0", "t": 8.715, "ts": "15:34:16.516"}
{"evt": "OUT_TX", "id": "0x6c0", "t": 9.216, "ts": "15:34:17.017"}
{"evt": "OUT_TX", "id": "0x5a0", "t": 9.216, "ts": "15:34:17.018"}
{"evt": "OUT_TX", "id": "0x603", "t": 9.217, "ts": "15:34:17.018"}
{"evt": "OUT_TX", "id": "0x5a0", "t": 9.716, "ts": "15:34:17.517"}
{"evt": "OUT_TX", "id": "0x6c0", "t": 10.22, "ts": "15:34:18.021"}
{"evt": "OUT_TX", "id": "0x5a0", "t": 10.221, "ts": "15:34:18.022"}
{"evt": "OUT_TX", "id": "0x603", "t": 10.221, "ts": "15:34:18.023"}
{"evt": "OUT_TX", "id": "0x5a0", "t": 10.719, "ts": "15:34:18.520"}
{"evt": "OUT_TX", "id": "0x6c0", "t": 11.219, "ts": "15:34:19.020"}
{"evt": "OUT_TX", "id": "0x5a0", "t": 11.219, "ts": "15:34:19.021"}
{"evt": "OUT_TX", "id": "0x603", "t": 11.22, "ts": "15:34:19.021"}
{"evt": "OUT_TX", "id": "0x5a0", "t": 11.719, "ts": "15:34:19.520"}
{"evt": "OUT_TX", "id": "0x6c0", "t": 12.219, "ts": "15:34:20.020"}
{"evt": "OUT_TX", "id": "0x5a0", "t": 12.219, "ts": "15:34:20.021"}
{"evt": "OUT_TX", "id": "0x603", "t": 12.22, "ts": "15:34:20.021"}
{"evt": "OUT_TX", "id": "0x5a0", "t": 12.719, "ts": "15:34:20.520"}
{"evt": "OUT_TX", "id": "0x6c0", "t": 13.221, "ts": "15:34:21.022"}
{"evt": "OUT_TX", "id": "0x5a0", "t": 13.221, "ts": "15:34:21.023"}
{"evt": "OUT_TX", "id": "0x603", "t": 13.221, "ts": "15:34:21.023"}
{"evt": "OUT_TX", "id": "0x5a0", "t": 13.721, "ts": "15:34:21.522"}
{"evt": "OUT_TX", "id": "0x6c0", "t": 14.221, "ts": "15:34:22.022"}
{"evt": "OUT_TX", "id": "0x6c0", "t": 14.221, "ts": "15:34:22.023"}
{"evt": "OUT_TX", "id": "0x5a0", "t": 14.222, "ts": "15:34:22.023"}
{"evt": "OUT_TX", "id": "0x603", "t": 14.222, "ts": "15:34:22.023"}
{"evt": "OUT_TX", "id": "0x5a0", "t": 14.722, "ts": "15:34:22.523"}
{"evt": "OUT_TX", "id": "0x6c0", "t": 15.222, "ts": "15:34:23.023"}
{"evt": "OUT_TX", "id": "0x5a0", "t": 15.222, "ts": "15:34:23.024"}
{"evt": "OUT_TX", "id": "0x603", "t": 15.223, "ts": "15:34:23.024"}
{"evt": "OUT_TX", "id": "0x5a0", "t": 15.722, "ts": "15:34:23.523"}
{"evt": "OUT_TX", "id": "0x6c0", "t": 16.222, "ts": "15:34:24.023"}
{"evt": "OUT_TX", "id": "0x6c1", "t": 16.222, "ts": "15:34:24.024"}
{"evt": "OUT_TX", "id": "0x5a0", "t": 16.222, "ts": "15:34:24.024"}
{"evt": "OUT_TX", "id": "0x603", "t": 16.223, "ts": "15:34:24.024"}
{"evt": "OUT_TX", "id": "0x5a0", "t": 16.722, "ts": "15:34:24.523"}
{"evt": "OUT_TX", "id": "0x6c0", "t": 17.222, "ts": "15:34:25.023"}
{"evt": "OUT_TX", "id": "0x5a0", "t": 17.222, "ts": "15:34:25.024"}
{"evt": "OUT_TX", "id": "0x603", "t": 17.222, "ts": "15:34:25.024"}
{"evt": "OUT_TX", "id": "0x5a0", "t": 17.722, "ts": "15:34:25.523"}
{"evt": "OUT_TX", "id": "0x6c0", "t": 18.222, "ts": "15:34:26.023"}
{"evt": "OUT_TX", "id": "0x5a0", "t": 18.222, "ts": "15:34:26.024"}
{"evt": "OUT_TX", "id": "0x603", "t": 18.223, "ts": "15:34:26.024"}
{"evt": "OUT_TX", "id": "0x5a0", "t": 18.723, "ts": "15:34:26.524"}
{"evt": "OUT_TX", "id": "0x6c0", "t": 19.223, "ts": "15:34:27.024"}
{"evt": "OUT_TX", "id": "0x5a0", "t": 19.223, "ts": "15:34:27.025"}
{"evt": "OUT_TX", "id": "0x603", "t": 19.224, "ts": "15:34:27.025"}
{"evt": "OUT_TX", "id": "0x5a0", "t": 19.723, "ts": "15:34:27.524"}
{"evt": "OUT_TX", "id": "0x6c0", "t": 20.223, "ts": "15:34:28.024"}
{"evt": "OUT_TX", "id": "0x5a0", "t": 20.223, "ts": "15:34:28.025"}
{"evt": "OUT_TX", "id": "0x603", "t": 20.224, "ts": "15:34:28.025"}
{"evt": "OUT_TX", "id": "0x5a0", "t": 20.723, "ts": "15:34:28.524"}
{"evt": "OUT_TX", "id": "0x6c0", "t": 21.223, "ts": "15:34:29.024"}
{"evt": "OUT_TX", "id": "0x5a0", "t": 21.223, "ts": "15:34:29.025"}
{"evt": "OUT_TX", "id": "0x603", "t": 21.224, "ts": "15:34:29.025"}
{"evt": "OUT_TX", "id": "0x5a0", "t": 21.724, "ts": "15:34:29.525"}
{"evt": "OUT_TX", "id": "0x6c0", "t": 22.224, "ts": "15:34:30.025"}
{"evt": "OUT_TX", "id": "0x6c0", "t": 22.224, "ts": "15:34:30.026"}
{"evt": "OUT_TX", "id": "0x5a0", "t": 22.225, "ts": "15:34:30.026"}
{"evt": "OUT_TX", "id": "0x603", "t": 22.225, "ts": "15:34:30.026"}
{"evt": "OUT_TX", "id": "0x5a0", "t": 22.725, "ts": "15:34:30.526"}
{"evt": "OUT_TX", "id": "0x6c0", "t": 23.225, "ts": "15:34:31.026"}
{"evt": "OUT_TX", "id": "0x5a0", "t": 23.225, "ts": "15:34:31.027"}
{"evt": "OUT_TX", "id": "0x603", "t": 23.226, "ts": "15:34:31.027"}
{"evt": "OUT_TX", "id": "0x5a0", "t": 23.725, "ts": "15:34:31.526"}
{"evt": "OUT_TX", "id": "0x6c0", "t": 24.227, "ts": "15:34:32.028"}
{"evt": "OUT_TX", "id": "0x5a0", "t": 24.227, "ts": "15:34:32.029"}
{"evt": "OUT_TX", "id": "0x603", "t": 24.228, "ts": "15:34:32.029"}
{"evt": "OUT_TX", "id": "0x5a0", "t": 24.727, "ts": "15:34:32.528"}
{"evt": "OUT_TX", "id": "0x6c0", "t": 25.246, "ts": "15:34:33.047"}
{"evt": "OUT_TX", "id": "0x5a0", "t": 25.27, "ts": "15:34:33.072"}
{"evt": "OUT_TX", "id": "0x603", "t": 25.313, "ts": "15:34:33.114"}
{"evt": "OUT_TX", "id": "0x5a0", "t": 25.729, "ts": "15:34:33.530"}
{"evt": "OUT_TX", "id": "0x6c0", "t": 26.23, "ts": "15:34:34.031"}
{"evt": "OUT_TX", "id": "0x6c0", "t": 26.23, "ts": "15:34:34.032"}
{"evt": "OUT_TX", "id": "0x6c1", "t": 26.231, "ts": "15:34:34.032"}
{"evt": "OUT_TX", "id": "0x5a0", "t": 26.231, "ts": "15:34:34.032"}
{"evt": "OUT_TX", "id": "0x603", "t": 26.231, "ts": "15:34:34.033"}
{"evt": "OUT_TX", "id": "0x5a0", "t": 26.73, "ts": "15:34:34.531"}
{"evt": "OUT_TX", "id": "0x6c0", "t": 27.23, "ts": "15:34:35.031"}
{"evt": "OUT_TX", "id": "0x5a0", "t": 27.23, "ts": "15:34:35.032"}
{"evt": "OUT_TX", "id": "0x603", "t": 27.231, "ts": "15:34:35.032"}
{"evt": "OUT_TX", "id": "0x5a0", "t": 27.73, "ts": "15:34:35.531"}
{"evt": "OUT_TX", "id": "0x6c0", "t": 28.231, "ts": "15:34:36.032"}
{"evt": "OUT_TX", "id": "0x5a0", "t": 28.231, "ts": "15:34:36.033"}
{"evt": "OUT_TX", "id": "0x603", "t": 28.232, "ts": "15:34:36.033"}
{"evt": "OUT_TX", "id": "0x5a0", "t": 28.731, "ts": "15:34:36.532"}
{"evt": "OUT_TX", "id": "0x6c0", "t": 29.231, "ts": "15:34:37.032"}
{"evt": "OUT_TX", "id": "0x5a0", "t": 29.231, "ts": "15:34:37.033"}
{"evt": "OUT_TX", "id": "0x603", "t": 29.232, "ts": "15:34:37.033"}
{"evt": "OUT_TX", "id": "0x5a0", "t": 29.732, "ts": "15:34:37.533"}
{"evt": "OUT_TX", "id": "0x6c0", "t": 30.233, "ts": "15:34:38.034"}
{"evt": "OUT_TX", "id": "0x5a0", "t": 30.233, "ts": "15:34:38.035"}
{"evt": "OUT_TX", "id": "0x603", "t": 30.234, "ts": "15:34:38.035"}
{"evt": "OUT_TX", "id": "0x5a0", "t": 30.734, "ts": "15:34:38.535"}
{"evt": "OUT_TX", "id": "0x6c0", "t": 31.234, "ts": "15:34:39.035"}
{"evt": "OUT_TX", "id": "0x5a0", "t": 31.234, "ts": "15:34:39.035"}
{"evt": "OUT_TX", "id": "0x603", "t": 31.234, "ts": "15:34:39.036"}
{"evt": "OUT_TX", "id": "0x5a0", "t": 31.734, "ts": "15:34:39.535"}
{"evt": "OUT_TX", "id": "0x6c0", "t": 32.235, "ts": "15:34:40.036"}
{"evt": "OUT_TX", "id": "0x5a0", "t": 32.235, "ts": "15:34:40.037"}
{"evt": "OUT_TX", "id": "0x603", "t": 32.236, "ts": "15:34:40.037"}
{"evt": "OUT_TX", "id": "0x5a0", "t": 32.735, "ts": "15:34:40.536"}
{"evt": "OUT_TX", "id": "0x6c0", "t": 33.236, "ts": "15:34:41.037"}
{"evt": "OUT_TX", "id": "0x5a0", "t": 33.236, "ts": "15:34:41.037"}
{"evt": "OUT_TX", "id": "0x603", "t": 33.236, "ts": "15:34:41.038"}
{"evt": "OUT_TX", "id": "0x5a0", "t": 33.737, "ts": "15:34:41.538"}
{"evt": "OUT_TX", "id": "0x6c0", "t": 34.237, "ts": "15:34:42.038"}
{"evt": "OUT_TX", "id": "0x5a0", "t": 34.237, "ts": "15:34:42.039"}
{"evt": "OUT_TX", "id": "0x603", "t": 34.238, "ts": "15:34:42.039"}
{"evt": "OUT_TX", "id": "0x5a0", "t": 34.738, "ts": "15:34:42.539"}
{"evt": "OUT_TX", "id": "0x6c0", "t": 35.238, "ts": "15:34:43.039"}
{"evt": "OUT_TX", "id": "0x5a0", "t": 35.238, "ts": "15:34:43.040"}
{"evt": "OUT_TX", "id": "0x603", "t": 35.238, "ts": "15:34:43.040"}
{"evt": "OUT_TX", "id": "0x5a0", "t": 35.738, "ts": "15:34:43.539"}
{"evt": "OUT_TX", "id": "0x6c0", "t": 36.239, "ts": "15:34:44.040"}
{"evt": "OUT_TX", "id": "0x6c1", "t": 36.239, "ts": "15:34:44.041"}
{"evt": "OUT_TX", "id": "0x5a0", "t": 36.239, "ts": "15:34:44.041"}
{"evt": "OUT_TX", "id": "0x603", "t": 36.24, "ts": "15:34:44.041"}
{"evt": "OUT_TX", "id": "0x5a0", "t": 36.739, "ts": "15:34:44.540"}
{"evt": "OUT_TX", "id": "0x6c0", "t": 37.239, "ts": "15:34:45.041"}
{"evt": "OUT_TX", "id": "0x5a0", "t": 37.24, "ts": "15:34:45.041"}
{"evt": "OUT_TX", "id": "0x603", "t": 37.24, "ts": "15:34:45.042"}
{"evt": "OUT_TX", "id": "0x5a0", "t": 37.741, "ts": "15:34:45.542"}
{"evt": "OUT_TX", "id": "0x6c0", "t": 38.241, "ts": "15:34:46.042"}
{"evt": "OUT_TX", "id": "0x5a0", "t": 38.241, "ts": "15:34:46.043"}
{"evt": "OUT_TX", "id": "0x603", "t": 38.242, "ts": "15:34:46.043"}
{"evt": "OUT_TX", "id": "0x5a0", "t": 38.742, "ts": "15:34:46.543"}
{"evt": "OUT_TX", "id": "0x6c0", "t": 39.242, "ts": "15:34:47.043"}
{"evt": "OUT_TX", "id": "0x5a0", "t": 39.242, "ts": "15:34:47.044"}
{"evt": "OUT_TX", "id": "0x603", "t": 39.243, "ts": "15:34:47.044"}
{"evt": "OUT_TX", "id": "0x5a0", "t": 39.743, "ts": "15:34:47.544"}
{"evt": "OUT_TX", "id": "0x6c0", "t": 40.244, "ts": "15:34:48.045"}
{"evt": "OUT_TX", "id": "0x5a0", "t": 40.249, "ts": "15:34:48.050"}
{"evt": "OUT_TX", "id": "0x603", "t": 40.252, "ts": "15:34:48.053"}
{"evt": "OUT_TX", "id": "0x5a0", "t": 40.744, "ts": "15:34:48.545"}
{"evt": "OUT_TX", "id": "0x6c0", "t": 41.244, "ts": "15:34:49.045"}
{"evt": "OUT_TX", "id": "0x5a0", "t": 41.244, "ts": "15:34:49.046"}
{"evt": "OUT_TX", "id": "0x603", "t": 41.245, "ts": "15:34:49.046"}
{"evt": "OUT_TX", "id": "0x5a0", "t": 41.744, "ts": "15:34:49.545"}
{"evt": "OUT_TX", "id": "0x6c0", "t": 42.244, "ts": "15:34:50.045"}
{"evt": "OUT_TX", "id": "0x5a0", "t": 42.244, "ts": "15:34:50.046"}
{"evt": "OUT_TX", "id": "0x603", "t": 42.245, "ts": "15:34:50.046"}
{"evt": "OUT_TX", "id": "0x5a0", "t": 42.745, "ts": "15:34:50.546"}
{"evt": "OUT_TX", "id": "0x6c0", "t": 43.245, "ts": "15:34:51.046"}
{"evt": "OUT_TX", "id": "0x5a0", "t": 43.245, "ts": "15:34:51.047"}
{"evt": "OUT_TX", "id": "0x603", "t": 43.245, "ts": "15:34:51.047"}
{"evt": "OUT_TX", "id": "0x5a0", "t": 43.746, "ts": "15:34:51.547"}
{"evt": "OUT_TX", "id": "0x6c0", "t": 44.246, "ts": "15:34:52.047"}
{"evt": "OUT_TX", "id": "0x5a0", "t": 44.246, "ts": "15:34:52.048"}
{"evt": "OUT_TX", "id": "0x603", "t": 44.247, "ts": "15:34:52.048"}
{"evt": "OUT_TX", "id": "0x5a0", "t": 44.746, "ts": "15:34:52.547"}
{"evt": "OUT_TX", "id": "0x6c0", "t": 45.247, "ts": "15:34:53.048"}
{"evt": "OUT_TX", "id": "0x5a0", "t": 45.247, "ts": "15:34:53.049"}
{"evt": "OUT_TX", "id": "0x603", "t": 45.248, "ts": "15:34:53.049"}
{"evt": "OUT_TX", "id": "0x5a0", "t": 45.747, "ts": "15:34:53.548"}
{"evt": "OUT_TX", "id": "0x6c0", "t": 46.248, "ts": "15:34:54.049"}
{"evt": "OUT_TX", "id": "0x6c1", "t": 46.248, "ts": "15:34:54.050"}
{"evt": "OUT_TX", "id": "0x5a0", "t": 46.249, "ts": "15:34:54.050"}
{"evt": "OUT_TX", "id": "0x603", "t": 46.249, "ts": "15:34:54.050"}
{"evt": "OUT_TX", "id": "0x5a0", "t": 46.748, "ts": "15:34:54.549"}
{"evt": "OUT_TX", "id": "0x6c0", "t": 47.249, "ts": "15:34:55.050"}
{"evt": "OUT_TX", "id": "0x5a0", "t": 47.249, "ts": "15:34:55.051"}
{"evt": "OUT_TX", "id": "0x603", "t": 47.25, "ts": "15:34:55.051"}
{"evt": "OUT_TX", "id": "0x5a0", "t": 47.75, "ts": "15:34:55.551"}
{"evt": "OUT_TX", "id": "0x6c0", "t": 48.25, "ts": "15:34:56.051"}
{"evt": "OUT_TX", "id": "0x5a0", "t": 48.25, "ts": "15:34:56.052"}
{"evt": "OUT_TX", "id": "0x603", "t": 48.251, "ts": "15:34:56.052"}
{"evt": "OUT_TX", "id": "0x5a0", "t": 48.75, "ts": "15:34:56.551"}
{"evt": "OUT_TX", "id": "0x6c0", "t": 49.252, "ts": "15:34:57.053"}
{"evt": "OUT_TX", "id": "0x5a0", "t": 49.252, "ts": "15:34:57.054"}
{"evt": "OUT_TX", "id": "0x603", "t": 49.252, "ts": "15:34:57.054"}
{"evt": "OUT_TX", "id": "0x5a0", "t": 49.752, "ts": "15:34:57.553"}
{"evt": "OUT_TX", "id": "0x6c0", "t": 50.253, "ts": "15:34:58.054"}
{"evt": "OUT_TX", "id": "0x5a0", "t": 50.253, "ts": "15:34:58.055"}
{"evt": "OUT_TX", "id": "0x603", "t": 50.254, "ts": "15:34:58.055"}
{"evt": "OUT_TX", "id": "0x5a0", "t": 50.753, "ts": "15:34:58.554"}
{"evt": "OUT_TX", "id": "0x6c0", "t": 51.253, "ts": "15:34:59.054"}
{"evt": "OUT_TX", "id": "0x5a0", "t": 51.253, "ts": "15:34:59.055"}
{"evt": "OUT_TX", "id": "0x603", "t": 51.254, "ts": "15:34:59.055"}
{"evt": "OUT_TX", "id": "0x5a0", "t": 51.754, "ts": "15:34:59.555"}
{"evt": "OUT_TX", "id": "0x6c0", "t": 52.254, "ts": "15:35:00.055"}
{"evt": "OUT_TX", "id": "0x5a0", "t": 52.254, "ts": "15:35:00.056"}
{"evt": "OUT_TX", "id": "0x603", "t": 52.255, "ts": "15:35:00.056"}
{"evt": "OUT_TX", "id": "0x5a0", "t": 52.755, "ts": "15:35:00.556"}
{"evt": "OUT_TX", "id": "0x6c0", "t": 53.255, "ts": "15:35:01.056"}
{"evt": "OUT_TX", "id": "0x5a0", "t": 53.255, "ts": "15:35:01.057"}
{"evt": "OUT_TX", "id": "0x603", "t": 53.256, "ts": "15:35:01.057"}
{"evt": "OUT_TX", "id": "0x5a0", "t": 53.755, "ts": "15:35:01.556"}
{"evt": "OUT_TX", "id": "0x6c0", "t": 54.256, "ts": "15:35:02.057"}
{"evt": "OUT_TX", "id": "0x5a0", "t": 54.256, "ts": "15:35:02.058"}
{"evt": "OUT_TX", "id": "0x603", "t": 54.257, "ts": "15:35:02.058"}
{"evt": "OUT_TX", "id": "0x5a0", "t": 54.756, "ts": "15:35:02.557"}
{"evt": "OUT_TX", "id": "0x6c0", "t": 55.261, "ts": "15:35:03.062"}
{"evt": "OUT_TX", "id": "0x5a0", "t": 55.262, "ts": "15:35:03.063"}
{"evt": "OUT_TX", "id": "0x603", "t": 55.262, "ts": "15:35:03.063"}
{"evt": "OUT_TX", "id": "0x5a0", "t": 55.757, "ts": "15:35:03.558"}
{"evt": "OUT_TX", "id": "0x6c0", "t": 56.257, "ts": "15:35:04.058"}
{"evt": "OUT_TX", "id": "0x6c1", "t": 56.257, "ts": "15:35:04.059"}
{"evt": "OUT_TX", "id": "0x5a0", "t": 56.258, "ts": "15:35:04.059"}
{"evt": "OUT_TX", "id": "0x603", "t": 56.258, "ts": "15:35:04.059"}
{"evt": "OUT_TX", "id": "0x5a0", "t": 56.758, "ts": "15:35:04.559"}
{"evt": "OUT_TX", "id": "0x6c0", "t": 57.259, "ts": "15:35:05.060"}
{"evt": "OUT_TX", "id": "0x5a0", "t": 57.259, "ts": "15:35:05.061"}
{"evt": "OUT_TX", "id": "0x603", "t": 57.259, "ts": "15:35:05.061"}
{"evt": "OUT_TX", "id": "0x5a0", "t": 57.76, "ts": "15:35:05.561"}
{"evt": "OUT_TX", "id": "0x6c0", "t": 58.261, "ts": "15:35:06.062"}
{"evt": "OUT_TX", "id": "0x5a0", "t": 58.261, "ts": "15:35:06.063"}
{"evt": "OUT_TX", "id": "0x603", "t": 58.262, "ts": "15:35:06.063"}
{"evt": "OUT_TX", "id": "0x5a0", "t": 58.761, "ts": "15:35:06.562"}
{"evt": "OUT_TX", "id": "0x6c0", "t": 59.262, "ts": "15:35:07.063"}
{"evt": "OUT_TX", "id": "0x5a0", "t": 59.262, "ts": "15:35:07.064"}
{"evt": "OUT_TX", "id": "0x603", "t": 59.263, "ts": "15:35:07.064"}
{"evt": "OUT_TX", "id": "0x5a0", "t": 59.762, "ts": "15:35:07.563"}
{"evt": "OUT_TX", "id": "0x6c0", "t": 60.262, "ts": "15:35:08.063"}
{"evt": "OUT_TX", "id": "0x5a0", "t": 60.262, "ts": "15:35:08.064"}
{"evt": "OUT_TX", "id": "0x603", "t": 60.263, "ts": "15:35:08.064"}
{"evt": "OUT_TX", "id": "0x5a0", "t": 60.762, "ts": "15:35:08.563"}
{"evt": "OUT_TX", "id": "0x6c0", "t": 61.262, "ts": "15:35:09.063"}
{"evt": "OUT_TX", "id": "0x5a0", "t": 61.262, "ts": "15:35:09.064"}
{"evt": "OUT_TX", "id": "0x603", "t": 61.263, "ts": "15:35:09.064"}
{"evt": "OUT_TX", "id": "0x5a0", "t": 61.763, "ts": "15:35:09.564"}
{"evt": "OUT_TX", "id": "0x6c0", "t": 62.263, "ts": "15:35:10.064"}
{"evt": "OUT_TX", "id": "0x5a0", "t": 62.263, "ts": "15:35:10.065"}
{"evt": "OUT_TX", "id": "0x603", "t": 62.264, "ts": "15:35:10.065"}
{"evt": "OUT_TX", "id": "0x5a0", "t": 62.763, "ts": "15:35:10.564"}
{"evt": "OUT_TX", "id": "0x6c0", "t": 63.264, "ts": "15:35:11.065"}
{"evt": "OUT_TX", "id": "0x5a0", "t": 63.264, "ts": "15:35:11.066"}
{"evt": "OUT_TX", "id": "0x603", "t": 63.265, "ts": "15:35:11.066"}
{"evt": "OUT_TX", "id": "0x5a0", "t": 63.764, "ts": "15:35:11.565"}
{"evt": "OUT_TX", "id": "0x6c0", "t": 64.265, "ts": "15:35:12.066"}
{"evt": "OUT_TX", "id": "0x5a0", "t": 64.265, "ts": "15:35:12.067"}
{"evt": "OUT_TX", "id": "0x603", "t": 64.266, "ts": "15:35:12.067"}
{"evt": "OUT_TX", "id": "0x5a0", "t": 64.766, "ts": "15:35:12.567"}
{"evt": "OUT_TX", "id": "0x6c0", "t": 65.266, "ts": "15:35:13.067"}
{"evt": "OUT_TX", "id": "0x5a0", "t": 65.266, "ts": "15:35:13.068"}
{"evt": "OUT_TX", "id": "0x603", "t": 65.267, "ts": "15:35:13.068"}
{"evt": "OUT_TX", "id": "0x5a0", "t": 65.767, "ts": "15:35:13.568"}
{"evt": "OUT_TX", "id": "0x6c0", "t": 66.267, "ts": "15:35:14.068"}
{"evt": "OUT_TX", "id": "0x6c1", "t": 66.268, "ts": "15:35:14.069"}
{"evt": "OUT_TX", "id": "0x5a0", "t": 66.268, "ts": "15:35:14.069"}
{"evt": "OUT_TX", "id": "0x603", "t": 66.268, "ts": "15:35:14.070"}
{"evt": "OUT_TX", "id": "0x5a0", "t": 66.768, "ts": "15:35:14.569"}
{"evt": "OUT_TX", "id": "0x6c0", "t": 67.268, "ts": "15:35:15.069"}
{"evt": "OUT_TX", "id": "0x5a0", "t": 67.268, "ts": "15:35:15.070"}
{"evt": "OUT_TX", "id": "0x603", "t": 67.269, "ts": "15:35:15.070"}
{"evt": "OUT_TX", "id": "0x5a0", "t": 67.768, "ts": "15:35:15.569"}
{"evt": "OUT_TX", "id": "0x6c0", "t": 68.269, "ts": "15:35:16.070"}
{"evt": "OUT_TX", "id": "0x5a0", "t": 68.269, "ts": "15:35:16.071"}
{"evt": "OUT_TX", "id": "0x603", "t": 68.27, "ts": "15:35:16.071"}
{"evt": "OUT_TX", "id": "0x5a0", "t": 68.769, "ts": "15:35:16.570"}
{"evt": "OUT_TX", "id": "0x6c0", "t": 69.269, "ts": "15:35:17.070"}
{"evt": "OUT_TX", "id": "0x5a0", "t": 69.269, "ts": "15:35:17.071"}
{"evt": "OUT_TX", "id": "0x603", "t": 69.27, "ts": "15:35:17.071"}
{"evt": "OUT_TX", "id": "0x5a0", "t": 69.769, "ts": "15:35:17.570"}
{"evt": "OUT_TX", "id": "0x6c0", "t": 70.269, "ts": "15:35:18.070"}
{"evt": "OUT_TX", "id": "0x5a0", "t": 70.269, "ts": "15:35:18.071"}
{"evt": "OUT_TX", "id": "0x603", "t": 70.27, "ts": "15:35:18.071"}
{"evt": "OUT_TX", "id": "0x5a0", "t": 70.77, "ts": "15:35:18.571"}
{"evt": "OUT_TX", "id": "0x6c0", "t": 71.27, "ts": "15:35:19.071"}
{"evt": "OUT_TX", "id": "0x5a0", "t": 71.27, "ts": "15:35:19.072"}
{"evt": "OUT_TX", "id": "0x603", "t": 71.271, "ts": "15:35:19.072"}
{"evt": "OUT_TX", "id": "0x5a0", "t": 71.77, "ts": "15:35:19.571"}
{"evt": "OUT_TX", "id": "0x6c0", "t": 72.272, "ts": "15:35:20.073"}
{"evt": "OUT_TX", "id": "0x5a0", "t": 72.272, "ts": "15:35:20.074"}
{"evt": "OUT_TX", "id": "0x603", "t": 72.273, "ts": "15:35:20.074"}
{"evt": "OUT_TX", "id": "0x5a0", "t": 72.772, "ts": "15:35:20.573"}
{"evt": "OUT_TX", "id": "0x6c0", "t": 73.273, "ts": "15:35:21.074"}
{"evt": "OUT_TX", "id": "0x5a0", "t": 73.273, "ts": "15:35:21.074"}
{"evt": "OUT_TX", "id": "0x603", "t": 73.273, "ts": "15:35:21.075"}
{"evt": "OUT_TX", "id": "0x5a0", "t": 73.773, "ts": "15:35:21.574"}
{"evt": "OUT_TX", "id": "0x6c0", "t": 74.273, "ts": "15:35:22.074"}
{"evt": "OUT_TX", "id": "0x5a0", "t": 74.273, "ts": "15:35:22.075"}
{"evt": "OUT_TX", "id": "0x603", "t": 74.274, "ts": "15:35:22.075"}
{"evt": "OUT_TX", "id": "0x5a0", "t": 74.774, "ts": "15:35:22.575"}
{"evt": "OUT_TX", "id": "0x6c0", "t": 75.274, "ts": "15:35:23.075"}
{"evt": "OUT_TX", "id": "0x5a0", "t": 75.274, "ts": "15:35:23.076"}
{"evt": "OUT_TX", "id": "0x603", "t": 75.275, "ts": "15:35:23.076"}
{"evt": "OUT_TX", "id": "0x5a0", "t": 75.775, "ts": "15:35:23.576"}
{"evt": "OUT_TX", "id": "0x6c0", "t": 76.275, "ts": "15:35:24.076"}
{"evt": "OUT_TX", "id": "0x6c1", "t": 76.275, "ts": "15:35:24.077"}
{"evt": "OUT_TX", "id": "0x5a0", "t": 76.276, "ts": "15:35:24.077"}
{"evt": "OUT_TX", "id": "0x603", "t": 76.276, "ts": "15:35:24.077"}
{"evt": "OUT_TX", "id": "0x5a0", "t": 76.775, "ts": "15:35:24.576"}
{"evt": "OUT_TX", "id": "0x6c0", "t": 77.277, "ts": "15:35:25.078"}
{"evt": "OUT_TX", "id": "0x5a0", "t": 77.277, "ts": "15:35:25.079"}
{"evt": "OUT_TX", "id": "0x603", "t": 77.278, "ts": "15:35:25.079"}
{"evt": "OUT_TX", "id": "0x5a0", "t": 77.777, "ts": "15:35:25.578"}
{"evt": "OUT_TX", "id": "0x6c0", "t": 78.277, "ts": "15:35:26.078"}
{"evt": "OUT_TX", "id": "0x5a0", "t": 78.277, "ts": "15:35:26.079"}
{"evt": "OUT_TX", "id": "0x603", "t": 78.277, "ts": "15:35:26.079"}
{"evt": "OUT_TX", "id": "0x5a0", "t": 78.778, "ts": "15:35:26.579"}
{"evt": "OUT_TX", "id": "0x6c0", "t": 79.279, "ts": "15:35:27.080"}
{"evt": "OUT_TX", "id": "0x5a0", "t": 79.279, "ts": "15:35:27.081"}
{"evt": "OUT_TX", "id": "0x603", "t": 79.28, "ts": "15:35:27.081"}
{"evt": "OUT_TX", "id": "0x5a0", "t": 79.78, "ts": "15:35:27.581"}
{"evt": "OUT_TX", "id": "0x6c0", "t": 80.28, "ts": "15:35:28.081"}
{"evt": "OUT_TX", "id": "0x5a0", "t": 80.28, "ts": "15:35:28.082"}
{"evt": "OUT_TX", "id": "0x603", "t": 80.281, "ts": "15:35:28.082"}
{"evt": "OUT_TX", "id": "0x5a0", "t": 80.78, "ts": "15:35:28.581"}
{"evt": "OUT_TX", "id": "0x6c0", "t": 81.281, "ts": "15:35:29.082"}
{"evt": "OUT_TX", "id": "0x5a0", "t": 81.281, "ts": "15:35:29.083"}
{"evt": "OUT_TX", "id": "0x603", "t": 81.282, "ts": "15:35:29.083"}
{"evt": "OUT_TX", "id": "0x5a0", "t": 81.782, "ts": "15:35:29.583"}
{"evt": "OUT_TX", "id": "0x6c0", "t": 82.282, "ts": "15:35:30.083"}
{"evt": "OUT_TX", "id": "0x5a0", "t": 82.282, "ts": "15:35:30.084"}
{"evt": "OUT_TX", "id": "0x603", "t": 82.283, "ts": "15:35:30.084"}
{"evt": "OUT_TX", "id": "0x5a0", "t": 82.782, "ts": "15:35:30.583"}
{"evt": "OUT_TX", "id": "0x6c0", "t": 83.282, "ts": "15:35:31.083"}
{"evt": "OUT_TX", "id": "0x5a0", "t": 83.282, "ts": "15:35:31.084"}
{"evt": "OUT_TX", "id": "0x603", "t": 83.283, "ts": "15:35:31.084"}
{"evt": "OUT_TX", "id": "0x5a0", "t": 83.783, "ts": "15:35:31.584"}
{"evt": "OUT_TX", "id": "0x6c0", "t": 84.283, "ts": "15:35:32.084"}
{"evt": "OUT_TX", "id": "0x5a0", "t": 84.283, "ts": "15:35:32.084"}
{"evt": "OUT_TX", "id": "0x603", "t": 84.284, "ts": "15:35:32.085"}
{"evt": "OUT_TX", "id": "0x5a0", "t": 84.783, "ts": "15:35:32.584"}
{"evt": "OUT_TX", "id": "0x6c0", "t": 85.283, "ts": "15:35:33.084"}
{"evt": "OUT_TX", "id": "0x5a0", "t": 85.284, "ts": "15:35:33.085"}
{"evt": "OUT_TX", "id": "0x603", "t": 85.284, "ts": "15:35:33.085"}
{"evt": "OUT_TX", "id": "0x5a0", "t": 85.783, "ts": "15:35:33.585"}
{"evt": "OUT_TX", "id": "0x6c0", "t": 86.284, "ts": "15:35:34.085"}
{"evt": "OUT_TX", "id": "0x6c1", "t": 86.284, "ts": "15:35:34.086"}
{"evt": "OUT_TX", "id": "0x5a0", "t": 86.285, "ts": "15:35:34.086"}
{"evt": "OUT_TX", "id": "0x603", "t": 86.285, "ts": "15:35:34.087"}
{"evt": "OUT_TX", "id": "0x5a0", "t": 86.784, "ts": "15:35:34.585"}
{"evt": "OUT_TX", "id": "0x6c0", "t": 87.284, "ts": "15:35:35.085"}
{"evt": "OUT_TX", "id": "0x5a0", "t": 87.284, "ts": "15:35:35.086"}
{"evt": "OUT_TX", "id": "0x603", "t": 87.285, "ts": "15:35:35.086"}
{"evt": "OUT_TX", "id": "0x5a0", "t": 87.784, "ts": "15:35:35.585"}
{"evt": "OUT_TX", "id": "0x6c0", "t": 88.284, "ts": "15:35:36.085"}
{"evt": "OUT_TX", "id": "0x5a0", "t": 88.284, "ts": "15:35:36.086"}
{"evt": "OUT_TX", "id": "0x603", "t": 88.285, "ts": "15:35:36.086"}
{"evt": "OUT_TX", "id": "0x5a0", "t": 88.784, "ts": "15:35:36.585"}
{"evt": "OUT_TX", "id": "0x6c0", "t": 89.284, "ts": "15:35:37.085"}
{"evt": "OUT_TX", "id": "0x5a0", "t": 89.284, "ts": "15:35:37.086"}
{"evt": "OUT_TX", "id": "0x603", "t": 89.285, "ts": "15:35:37.086"}
{"evt": "OUT_TX", "id": "0x5a0", "t": 89.784, "ts": "15:35:37.585"}
{"evt": "OUT_TX", "id": "0x6c0", "t": 90.285, "ts": "15:35:38.086"}
{"evt": "OUT_TX", "id": "0x5a0", "t": 90.285, "ts": "15:35:38.087"}
{"evt": "OUT_TX", "id": "0x603", "t": 90.286, "ts": "15:35:38.087"}
{"evt": "OUT_TX", "id": "0x5a0", "t": 90.785, "ts": "15:35:38.586"}
{"evt": "OUT_TX", "id": "0x6c0", "t": 91.285, "ts": "15:35:39.086"}
{"evt": "OUT_TX", "id": "0x5a0", "t": 91.285, "ts": "15:35:39.087"}
{"evt": "OUT_TX", "id": "0x603", "t": 91.286, "ts": "15:35:39.087"}
{"evt": "OUT_TX", "id": "0x5a0", "t": 91.786, "ts": "15:35:39.587"}
{"evt": "OUT_TX", "id": "0x6c0", "t": 92.286, "ts": "15:35:40.087"}
{"evt": "OUT_TX", "id": "0x5a0", "t": 92.286, "ts": "15:35:40.088"}
{"evt": "OUT_TX", "id": "0x603", "t": 92.287, "ts": "15:35:40.088"}
{"evt": "OUT_TX", "id": "0x5a0", "t": 92.787, "ts": "15:35:40.588"}
{"evt": "OUT_TX", "id": "0x6c0", "t": 93.287, "ts": "15:35:41.088"}
{"evt": "OUT_TX", "id": "0x5a0", "t": 93.287, "ts": "15:35:41.089"}
{"evt": "OUT_TX", "id": "0x603", "t": 93.288, "ts": "15:35:41.089"}
{"evt": "OUT_TX", "id": "0x5a0", "t": 93.789, "ts": "15:35:41.590"}
{"evt": "OUT_TX", "id": "0x6c0", "t": 94.29, "ts": "15:35:42.091"}
{"evt": "OUT_TX", "id": "0x5a0", "t": 94.29, "ts": "15:35:42.092"}
{"evt": "OUT_TX", "id": "0x603", "t": 94.291, "ts": "15:35:42.092"}
{"evt": "OUT_TX", "id": "0x5a0", "t": 94.791, "ts": "15:35:42.592"}
{"evt": "OUT_TX", "id": "0x6c0", "t": 95.292, "ts": "15:35:43.093"}
{"evt": "OUT_TX", "id": "0x5a0", "t": 95.292, "ts": "15:35:43.094"}
{"evt": "OUT_TX", "id": "0x603", "t": 95.293, "ts": "15:35:43.094"}
{"evt": "OUT_TX", "id": "0x5a0", "t": 95.792, "ts": "15:35:43.593"}
{"evt": "OUT_TX", "id": "0x6c0", "t": 96.292, "ts": "15:35:44.093"}
{"evt": "OUT_TX", "id": "0x6c1", "t": 96.292, "ts": "15:35:44.094"}
{"evt": "OUT_TX", "id": "0x5a0", "t": 96.293, "ts": "15:35:44.094"}
{"evt": "OUT_TX", "id": "0x603", "t": 96.293, "ts": "15:35:44.094"}
{"evt": "OUT_TX", "id": "0x5a0", "t": 96.792, "ts": "15:35:44.593"}
{"evt": "OUT_TX", "id": "0x6c0", "t": 97.292, "ts": "15:35:45.093"}
{"evt": "OUT_TX", "id": "0x6c0", "t": 97.292, "ts": "15:35:45.094"}
{"evt": "OUT_TX", "id": "0x5a0", "t": 97.293, "ts": "15:35:45.094"}
{"evt": "OUT_TX", "id": "0x603", "t": 97.293, "ts": "15:35:45.094"}
{"evt": "OUT_TX", "id": "0x5a0", "t": 97.792, "ts": "15:35:45.593"}
{"evt": "OUT_TX", "id": "0x6c0", "t": 98.292, "ts": "15:35:46.093"}
{"evt": "OUT_TX", "id": "0x5a0", "t": 98.292, "ts": "15:35:46.094"}
{"evt": "OUT_TX", "id": "0x603", "t": 98.293, "ts": "15:35:46.094"}
{"evt": "OUT_TX", "id": "0x5a0", "t": 98.792, "ts": "15:35:46.593"}
{"evt": "OUT_TX", "id": "0x6c0", "t": 99.293, "ts": "15:35:47.094"}
{"evt": "OUT_TX", "id": "0x5a0", "t": 99.294, "ts": "15:35:47.095"}
{"evt": "OUT_TX", "id": "0x603", "t": 99.294, "ts": "15:35:47.095"}
{"evt": "OUT_TX", "id": "0x5a0", "t": 99.793, "ts": "15:35:47.594"}
{"evt": "OUT_TX", "id": "0x6c0", "t": 100.295, "ts": "15:35:48.096"}
{"evt": "OUT_TX", "id": "0x5a0", "t": 100.295, "ts": "15:35:48.097"}
{"evt": "OUT_TX", "id": "0x603", "t": 100.296, "ts": "15:35:48.097"}
{"evt": "OUT_TX", "id": "0x5a0", "t": 100.795, "ts": "15:35:48.596"}
{"evt": "OUT_TX", "id": "0x6c0", "t": 101.295, "ts": "15:35:49.096"}
{"evt": "OUT_TX", "id": "0x5a0", "t": 101.295, "ts": "15:35:49.097"}
{"evt": "OUT_TX", "id": "0x603", "t": 101.296, "ts": "15:35:49.097"}
{"evt": "OUT_TX", "id": "0x5a0", "t": 101.796, "ts": "15:35:49.597"}
{"evt": "OUT_TX", "id": "0x6c0", "t": 102.297, "ts": "15:35:50.098"}
{"evt": "OUT_TX", "id": "0x5a0", "t": 102.297, "ts": "15:35:50.099"}
{"evt": "OUT_TX", "id": "0x603", "t": 102.298, "ts": "15:35:50.099"}
{"evt": "OUT_TX", "id": "0x5a0", "t": 102.798, "ts": "15:35:50.599"}
{"evt": "OUT_TX", "id": "0x6c0", "t": 103.298, "ts": "15:35:51.099"}
{"evt": "OUT_TX", "id": "0x5a0", "t": 103.298, "ts": "15:35:51.100"}
{"evt": "OUT_TX", "id": "0x603", "t": 103.299, "ts": "15:35:51.100"}
{"evt": "OUT_TX", "id": "0x5a0", "t": 103.798, "ts": "15:35:51.599"}
{"evt": "OUT_TX", "id": "0x6c0", "t": 104.3, "ts": "15:35:52.101"}
{"evt": "OUT_TX", "id": "0x5a0", "t": 104.3, "ts": "15:35:52.102"}
{"evt": "OUT_TX", "id": "0x603", "t": 104.301, "ts": "15:35:52.102"}
{"evt": "OUT_TX", "id": "0x5a0", "t": 104.8, "ts": "15:35:52.601"}
{"evt": "OUT_TX", "id": "0x6c0", "t": 105.301, "ts": "15:35:53.102"}
{"evt": "OUT_TX", "id": "0x5a0", "t": 105.301, "ts": "15:35:53.103"}
{"evt": "OUT_TX", "id": "0x603", "t": 105.302, "ts": "15:35:53.103"}
{"evt": "OUT_TX", "id": "0x5a0", "t": 105.801, "ts": "15:35:53.602"}
{"evt": "OUT_TX", "id": "0x6c0", "t": 106.301, "ts": "15:35:54.102"}
{"evt": "OUT_TX", "id": "0x6c1", "t": 106.301, "ts": "15:35:54.103"}
{"evt": "OUT_TX", "id": "0x5a0", "t": 106.302, "ts": "15:35:54.103"}
{"evt": "OUT_TX", "id": "0x603", "t": 106.302, "ts": "15:35:54.103"}
{"evt": "OUT_TX", "id": "0x5a0", "t": 106.802, "ts": "15:35:54.603"}
{"evt": "OUT_TX", "id": "0x6c0", "t": 107.302, "ts": "15:35:55.103"}
{"evt": "OUT_TX", "id": "0x5a0", "t": 107.302, "ts": "15:35:55.104"}
{"evt": "OUT_TX", "id": "0x603", "t": 107.303, "ts": "15:35:55.104"}
{"evt": "OUT_TX", "id": "0x5a0", "t": 107.802, "ts": "15:35:55.603"}
{"evt": "OUT_TX", "id": "0x6c0", "t": 108.303, "ts": "15:35:56.104"}
{"evt": "OUT_TX", "id": "0x5a0", "t": 108.303, "ts": "15:35:56.105"}
{"evt": "OUT_TX", "id": "0x603", "t": 108.304, "ts": "15:35:56.105"}
{"evt": "OUT_TX", "id": "0x5a0", "t": 108.803, "ts": "15:35:56.604"}
{"evt": "OUT_TX", "id": "0x6c0", "t": 109.304, "ts": "15:35:57.105"}
{"evt": "OUT_TX", "id": "0x5a0", "t": 109.304, "ts": "15:35:57.106"}
{"evt": "OUT_TX", "id": "0x603", "t": 109.305, "ts": "15:35:57.106"}
{"evt": "OUT_TX", "id": "0x5a0", "t": 109.804, "ts": "15:35:57.605"}
{"evt": "OUT_TX", "id": "0x6c0", "t": 110.304, "ts": "15:35:58.105"}
{"evt": "OUT_TX", "id": "0x5a0", "t": 110.304, "ts": "15:35:58.106"}
{"evt": "OUT_TX", "id": "0x603", "t": 110.305, "ts": "15:35:58.106"}
{"evt": "OUT_TX", "id": "0x5a0", "t": 110.805, "ts": "15:35:58.606"}
{"evt": "OUT_TX", "id": "0x6c0", "t": 111.305, "ts": "15:35:59.106"}
{"evt": "OUT_TX", "id": "0x5a0", "t": 111.305, "ts": "15:35:59.107"}
{"evt": "OUT_TX", "id": "0x603", "t": 111.306, "ts": "15:35:59.107"}
{"evt": "OUT_TX", "id": "0x5a0", "t": 111.805, "ts": "15:35:59.606"}
{"evt": "OUT_TX", "id": "0x6c0", "t": 112.305, "ts": "15:36:00.106"}
{"evt": "OUT_TX", "id": "0x5a0", "t": 112.305, "ts": "15:36:00.107"}
{"evt": "OUT_TX", "id": "0x603", "t": 112.306, "ts": "15:36:00.107"}
{"evt": "OUT_TX", "id": "0x5a0", "t": 112.805, "ts": "15:36:00.606"}
{"evt": "OUT_TX", "id": "0x6c0", "t": 113.306, "ts": "15:36:01.107"}
{"evt": "OUT_TX", "id": "0x5a0", "t": 113.306, "ts": "15:36:01.107"}
{"evt": "OUT_TX", "id": "0x603", "t": 113.306, "ts": "15:36:01.108"}
{"evt": "OUT_TX", "id": "0x5a0", "t": 113.805, "ts": "15:36:01.607"}
{"evt": "OUT_TX", "id": "0x6c0", "t": 114.307, "ts": "15:36:02.108"}
{"evt": "OUT_TX", "id": "0x5a0", "t": 114.307, "ts": "15:36:02.109"}
{"evt": "OUT_TX", "id": "0x603", "t": 114.308, "ts": "15:36:02.109"}
{"evt": "OUT_TX", "id": "0x5a0", "t": 114.807, "ts": "15:36:02.609"}
{"evt": "OUT_TX", "id": "0x6c0", "t": 115.307, "ts": "15:36:03.109"}
{"evt": "OUT_TX", "id": "0x5a0", "t": 115.308, "ts": "15:36:03.110"}
{"evt": "OUT_TX", "id": "0x603", "t": 115.309, "ts": "15:36:03.110"}
{"evt": "OUT_TX", "id": "0x5a0", "t": 115.808, "ts": "15:36:03.610"}
{"evt": "OUT_TX", "id": "0x6c0", "t": 116.309, "ts": "15:36:04.110"}
{"evt": "OUT_TX", "id": "0x6c1", "t": 116.309, "ts": "15:36:04.111"}
{"evt": "OUT_TX", "id": "0x5a0", "t": 116.31, "ts": "15:36:04.111"}
{"evt": "OUT_TX", "id": "0x603", "t": 116.31, "ts": "15:36:04.111"}
{"evt": "OUT_TX", "id": "0x5a0", "t": 116.808, "ts": "15:36:04.610"}
{"evt": "OUT_TX", "id": "0x6c0", "t": 117.309, "ts": "15:36:05.111"}
{"evt": "OUT_TX", "id": "0x5a0", "t": 117.31, "ts": "15:36:05.111"}
{"evt": "OUT_TX", "id": "0x603", "t": 117.31, "ts": "15:36:05.112"}
{"evt": "OUT_TX", "id": "0x5a0", "t": 117.81, "ts": "15:36:05.611"}
{"evt": "OUT_TX", "id": "0x6c0", "t": 118.31, "ts": "15:36:06.112"}
{"evt": "OUT_TX", "id": "0x5a0", "t": 118.311, "ts": "15:36:06.113"}
{"evt": "OUT_TX", "id": "0x603", "t": 118.312, "ts": "15:36:06.113"}
{"evt": "OUT_TX", "id": "0x5a0", "t": 118.81, "ts": "15:36:06.612"}
{"evt": "OUT_TX", "id": "0x6c0", "t": 119.31, "ts": "15:36:07.112"}
{"evt": "OUT_TX", "id": "0x5a0", "t": 119.311, "ts": "15:36:07.113"}
{"evt": "OUT_TX", "id": "0x603", "t": 119.312, "ts": "15:36:07.113"}
{"evt": "OUT_TX", "id": "0x5a0", "t": 119.81, "ts": "15:36:07.612"}
{"evt": "OUT_TX", "id": "0x6c0", "t": 120.31, "ts": "15:36:08.112"}
{"evt": "OUT_TX", "id": "0x5a0", "t": 120.311, "ts": "15:36:08.112"}
{"evt": "OUT_TX", "id": "0x603", "t": 120.311, "ts": "15:36:08.113"}
{"evt": "OUT_TX", "id": "0x5a0", "t": 120.811, "ts": "15:36:08.613"}
{"evt": "OUT_TX", "id": "0x6c0", "t": 121.311, "ts": "15:36:09.113"}
{"evt": "OUT_TX", "id": "0x5a0", "t": 121.312, "ts": "15:36:09.114"}
{"evt": "OUT_TX", "id": "0x603", "t": 121.313, "ts": "15:36:09.114"}
{"evt": "OUT_TX", "id": "0x5a0", "t": 121.811, "ts": "15:36:09.613"}
{"evt": "OUT_TX", "id": "0x6c0", "t": 122.313, "ts": "15:36:10.114"}
{"evt": "OUT_TX", "id": "0x5a0", "t": 122.313, "ts": "15:36:10.115"}
{"evt": "OUT_TX", "id": "0x603", "t": 122.314, "ts": "15:36:10.115"}
{"evt": "OUT_TX", "id": "0x5a0", "t": 122.812, "ts": "15:36:10.614"}
{"evt": "OUT_TX", "id": "0x6c0", "t": 123.313, "ts": "15:36:11.115"}
{"evt": "OUT_TX", "id": "0x5a0", "t": 123.314, "ts": "15:36:11.115"}
{"evt": "OUT_TX", "id": "0x603", "t": 123.314, "ts": "15:36:11.116"}
{"evt": "OUT_TX", "id": "0x5a0", "t": 123.814, "ts": "15:36:11.616"}
{"evt": "OUT_TX", "id": "0x6c0", "t": 124.314, "ts": "15:36:12.116"}
{"evt": "OUT_TX", "id": "0x5a0", "t": 124.315, "ts": "15:36:12.116"}
{"evt": "OUT_TX", "id": "0x603", "t": 124.316, "ts": "15:36:12.117"}
{"evt": "OUT_TX", "id": "0x5a0", "t": 124.815, "ts": "15:36:12.617"}
{"evt": "OUT_TX", "id": "0x6c0", "t": 125.315, "ts": "15:36:13.117"}
{"evt": "OUT_TX", "id": "0x5a0", "t": 125.316, "ts": "15:36:13.118"}
{"evt": "OUT_TX", "id": "0x603", "t": 125.317, "ts": "15:36:13.118"}
{"evt": "OUT_TX", "id": "0x5a0", "t": 125.817, "ts": "15:36:13.618"}
{"evt": "OUT_TX", "id": "0x6c0", "t": 126.316, "ts": "15:36:14.118"}
{"evt": "OUT_TX", "id": "0x6c1", "t": 126.317, "ts": "15:36:14.118"}
{"evt": "OUT_TX", "id": "0x5a0", "t": 126.317, "ts": "15:36:14.119"}
{"evt": "OUT_TX", "id": "0x603", "t": 126.318, "ts": "15:36:14.119"}
{"evt": "OUT_TX", "id": "0x5a0", "t": 126.816, "ts": "15:36:14.618"}
{"evt": "OUT_TX", "id": "0x6c0", "t": 127.318, "ts": "15:36:15.119"}
{"evt": "OUT_TX", "id": "0x5a0", "t": 127.318, "ts": "15:36:15.120"}
{"evt": "OUT_TX", "id": "0x603", "t": 127.319, "ts": "15:36:15.120"}
{"evt": "OUT_TX", "id": "0x5a0", "t": 127.817, "ts": "15:36:15.619"}
{"evt": "OUT_TX", "id": "0x6c0", "t": 128.317, "ts": "15:36:16.119"}
{"evt": "OUT_TX", "id": "0x5a0", "t": 128.318, "ts": "15:36:16.119"}
{"evt": "OUT_TX", "id": "0x603", "t": 128.318, "ts": "15:36:16.120"}
{"evt": "OUT_TX", "id": "0x5a0", "t": 128.817, "ts": "15:36:16.619"}
{"evt": "OUT_TX", "id": "0x6c0", "t": 129.317, "ts": "15:36:17.119"}
{"evt": "OUT_TX", "id": "0x5a0", "t": 129.318, "ts": "15:36:17.119"}
{"evt": "OUT_TX", "id": "0x603", "t": 129.318, "ts": "15:36:17.120"}
{"evt": "OUT_TX", "id": "0x5a0", "t": 129.818, "ts": "15:36:17.620"}
{"evt": "OUT_TX", "id": "0x6c0", "t": 130.318, "ts": "15:36:18.120"}
{"evt": "OUT_TX", "id": "0x5a0", "t": 130.319, "ts": "15:36:18.120"}
{"evt": "OUT_TX", "id": "0x603", "t": 130.32, "ts": "15:36:18.121"}
{"evt": "OUT_TX", "id": "0x5a0", "t": 130.818, "ts": "15:36:18.620"}
{"evt": "OUT_TX", "id": "0x6c0", "t": 131.319, "ts": "15:36:19.121"}
{"evt": "OUT_TX", "id": "0x6c0", "t": 131.32, "ts": "15:36:19.121"}
{"evt": "OUT_TX", "id": "0x5a0", "t": 131.32, "ts": "15:36:19.122"}
{"evt": "OUT_TX", "id": "0x603", "t": 131.321, "ts": "15:36:19.122"}
{"evt": "OUT_TX", "id": "0x5a0", "t": 131.819, "ts": "15:36:19.621"}
{"evt": "OUT_TX", "id": "0x6c0", "t": 132.319, "ts": "15:36:20.121"}
{"evt": "OUT_TX", "id": "0x5a0", "t": 132.32, "ts": "15:36:20.121"}
{"evt": "OUT_TX", "id": "0x603", "t": 132.321, "ts": "15:36:20.122"}
{"evt": "OUT_TX", "id": "0x5a0", "t": 132.819, "ts": "15:36:20.621"}
{"evt": "OUT_TX", "id": "0x6c0", "t": 133.319, "ts": "15:36:21.121"}
{"evt": "OUT_TX", "id": "0x5a0", "t": 133.32, "ts": "15:36:21.121"}
{"evt": "OUT_TX", "id": "0x603", "t": 133.32, "ts": "15:36:21.122"}
{"evt": "OUT_TX", "id": "0x5a0", "t": 133.82, "ts": "15:36:21.622"}
{"evt": "OUT_TX", "id": "0x6c0", "t": 134.32, "ts": "15:36:22.122"}
{"evt": "OUT_TX", "id": "0x5a0", "t": 134.321, "ts": "15:36:22.122"}
{"evt": "OUT_TX", "id": "0x603", "t": 134.322, "ts": "15:36:22.123"}
{"evt": "OUT_TX", "id": "0x5a0", "t": 134.821, "ts": "15:36:22.623"}
{"evt": "OUT_TX", "id": "0x6c0", "t": 135.321, "ts": "15:36:23.123"}
{"evt": "OUT_TX", "id": "0x5a0", "t": 135.322, "ts": "15:36:23.123"}
{"evt": "OUT_TX", "id": "0x603", "t": 135.322, "ts": "15:36:23.124"}
{"evt": "OUT_TX", "id": "0x5a0", "t": 135.821, "ts": "15:36:23.623"}
{"evt": "OUT_TX", "id": "0x6c0", "t": 136.322, "ts": "15:36:24.124"}
{"evt": "OUT_TX", "id": "0x6c1", "t": 136.323, "ts": "15:36:24.124"}
{"evt": "OUT_TX", "id": "0x5a0", "t": 136.323, "ts": "15:36:24.125"}
{"evt": "OUT_TX", "id": "0x603", "t": 136.324, "ts": "15:36:24.125"}
{"evt": "OUT_TX", "id": "0x5a0", "t": 136.822, "ts": "15:36:24.624"}
{"evt": "OUT_TX", "id": "0x6c0", "t": 137.324, "ts": "15:36:25.126"}
{"evt": "OUT_TX", "id": "0x5a0", "t": 137.325, "ts": "15:36:25.126"}
{"evt": "OUT_TX", "id": "0x603", "t": 137.325, "ts": "15:36:25.127"}
{"evt": "OUT_TX", "id": "0x5a0", "t": 137.824, "ts": "15:36:25.626"}
{"evt": "OUT_TX", "id": "0x6c0", "t": 138.324, "ts": "15:36:26.126"}
{"evt": "OUT_TX", "id": "0x5a0", "t": 138.325, "ts": "15:36:26.126"}
{"evt": "OUT_TX", "id": "0x603", "t": 138.325, "ts": "15:36:26.127"}
{"evt": "OUT_TX", "id": "0x5a0", "t": 138.824, "ts": "15:36:26.626"}
{"evt": "OUT_TX", "id": "0x6c0", "t": 139.324, "ts": "15:36:27.126"}
{"evt": "OUT_TX", "id": "0x5a0", "t": 139.325, "ts": "15:36:27.126"}
{"evt": "OUT_TX", "id": "0x603", "t": 139.325, "ts": "15:36:27.127"}
{"evt": "OUT_TX", "id": "0x5a0", "t": 139.824, "ts": "15:36:27.626"}
{"evt": "OUT_TX", "id": "0x6c0", "t": 140.325, "ts": "15:36:28.127"}
{"evt": "OUT_TX", "id": "0x5a0", "t": 140.326, "ts": "15:36:28.127"}
{"evt": "OUT_TX", "id": "0x603", "t": 140.326, "ts": "15:36:28.128"}
{"evt": "OUT_TX", "id": "0x5a0", "t": 140.825, "ts": "15:36:28.627"}
{"evt": "OUT_TX", "id": "0x6c0", "t": 141.326, "ts": "15:36:29.128"}
{"evt": "OUT_TX", "id": "0x5a0", "t": 141.327, "ts": "15:36:29.128"}
{"evt": "OUT_TX", "id": "0x603", "t": 141.327, "ts": "15:36:29.129"}
{"evt": "OUT_TX", "id": "0x5a0", "t": 141.827, "ts": "15:36:29.629"}
{"evt": "OUT_TX", "id": "0x6c0", "t": 142.327, "ts": "15:36:30.129"}
{"evt": "OUT_TX", "id": "0x5a0", "t": 142.328, "ts": "15:36:30.129"}
{"evt": "OUT_TX", "id": "0x603", "t": 142.328, "ts": "15:36:30.130"}
{"evt": "OUT_TX", "id": "0x5a0", "t": 142.828, "ts": "15:36:30.630"}
{"evt": "OUT_TX", "id": "0x6c0", "t": 143.328, "ts": "15:36:31.130"}
{"evt": "OUT_TX", "id": "0x5a0", "t": 143.329, "ts": "15:36:31.130"}
{"evt": "OUT_TX", "id": "0x603", "t": 143.329, "ts": "15:36:31.131"}
{"evt": "OUT_TX", "id": "0x5a0", "t": 143.828, "ts": "15:36:31.630"}
{"evt": "OUT_TX", "id": "0x6c0", "t": 144.328, "ts": "15:36:32.130"}
{"evt": "OUT_TX", "id": "0x5a0", "t": 144.329, "ts": "15:36:32.130"}
{"evt": "OUT_TX", "id": "0x603", "t": 144.33, "ts": "15:36:32.131"}
{"evt": "OUT_TX", "id": "0x5a0", "t": 144.829, "ts": "15:36:32.630"}
{"evt": "OUT_TX", "id": "0x6c0", "t": 145.329, "ts": "15:36:33.131"}
{"evt": "OUT_TX", "id": "0x5a0", "t": 145.33, "ts": "15:36:33.131"}
{"evt": "OUT_TX", "id": "0x603", "t": 145.33, "ts": "15:36:33.132"}
{"evt": "OUT_TX", "id": "0x5a0", "t": 145.83, "ts": "15:36:33.631"}
{"evt": "OUT_TX", "id": "0x6c0", "t": 146.33, "ts": "15:36:34.132"}
{"evt": "OUT_TX", "id": "0x6c1", "t": 146.331, "ts": "15:36:34.133"}
{"evt": "OUT_TX", "id": "0x5a0", "t": 146.332, "ts": "15:36:34.133"}
{"evt": "OUT_TX", "id": "0x603", "t": 146.332, "ts": "15:36:34.133"}
{"evt": "OUT_TX", "id": "0x5a0", "t": 146.83, "ts": "15:36:34.632"}
{"evt": "OUT_TX", "id": "0x6c0", "t": 147.33, "ts": "15:36:35.132"}
{"evt": "OUT_TX", "id": "0x5a0", "t": 147.331, "ts": "15:36:35.132"}
{"evt": "OUT_TX", "id": "0x603", "t": 147.331, "ts": "15:36:35.133"}
{"evt": "OUT_TX", "id": "0x5a0", "t": 147.831, "ts": "15:36:35.633"}
{"evt": "OUT_TX", "id": "0x6c0", "t": 148.331, "ts": "15:36:36.133"}
{"evt": "OUT_TX", "id": "0x5a0", "t": 148.332, "ts": "15:36:36.133"}
{"evt": "OUT_TX", "id": "0x603", "t": 148.333, "ts": "15:36:36.134"}
{"evt": "OUT_TX", "id": "0x5a0", "t": 148.831, "ts": "15:36:36.633"}
{"evt": "OUT_TX", "id": "0x6c0", "t": 149.333, "ts": "15:36:37.135"}
{"evt": "OUT_TX", "id": "0x5a0", "t": 149.334, "ts": "15:36:37.135"}
{"evt": "OUT_TX", "id": "0x603", "t": 149.334, "ts": "15:36:37.136"}
{"evt": "OUT_TX", "id": "0x5a0", "t": 149.833, "ts": "15:36:37.635"}
{"evt": "OUT_TX", "id": "0x6c0", "t": 150.335, "ts": "15:36:38.136"}
{"evt": "OUT_TX", "id": "0x5a0", "t": 150.335, "ts": "15:36:38.137"}
{"evt": "OUT_TX", "id": "0x603", "t": 150.336, "ts": "15:36:38.137"}
{"evt": "OUT_TX", "id": "0x5a0", "t": 150.835, "ts": "15:36:38.637"}
{"evt": "OUT_TX", "id": "0x6c0", "t": 151.335, "ts": "15:36:39.137"}
{"evt": "OUT_TX", "id": "0x5a0", "t": 151.336, "ts": "15:36:39.138"}
{"evt": "OUT_TX", "id": "0x603", "t": 151.337, "ts": "15:36:39.138"}
{"evt": "OUT_TX", "id": "0x5a0", "t": 151.836, "ts": "15:36:39.638"}
{"evt": "OUT_TX", "id": "0x6c0", "t": 152.336, "ts": "15:36:40.138"}
{"evt": "OUT_TX", "id": "0x5a0", "t": 152.337, "ts": "15:36:40.138"}
{"evt": "OUT_TX", "id": "0x603", "t": 152.337, "ts": "15:36:40.139"}
{"evt": "OUT_TX", "id": "0x5a0", "t": 152.836, "ts": "15:36:40.638"}
{"evt": "OUT_TX", "id": "0x6c0", "t": 153.336, "ts": "15:36:41.138"}
{"evt": "OUT_TX", "id": "0x5a0", "t": 153.337, "ts": "15:36:41.138"}
{"evt": "OUT_TX", "id": "0x603", "t": 153.337, "ts": "15:36:41.139"}
{"evt": "WAKE_START", "id": "0x795", "period_ms": 100, "payload": "0000000000000000", "ts": "15:41:12.796"}
{"evt": "POWER_OK", "ma": 432.0, "ts": "15:41:16.919"}
{"evt": "WAKE_STOP", "ts": "15:42:17.341"}
{"evt": "OUT_TX", "id": "0x6c0", "t": 0.26, "ts": "15:42:17.601"}
{"evt": "OUT_TX", "id": "0x6c1", "t": 0.26, "ts": "15:42:17.602"}
{"evt": "OUT_TX", "id": "0x5a0", "t": 0.261, "ts": "15:42:17.603"}
{"evt": "OUT_TX", "id": "0x603", "t": 0.261, "ts": "15:42:17.603"}
{"evt": "OUT_TX", "id": "0x5a0", "t": 0.311, "ts": "15:42:17.653"}
{"evt": "OUT_TX", "id": "0x6c0", "t": 0.411, "ts": "15:42:17.753"}
{"evt": "OUT_TX", "id": "0x5a0", "t": 0.412, "ts": "15:42:17.754"}
{"evt": "OUT_TX", "id": "0x603", "t": 0.412, "ts": "15:42:17.754"}
{"evt": "OUT_TX", "id": "0x5a0", "t": 0.463, "ts": "15:42:17.805"}
{"evt": "OUT_TX", "id": "0x6c0", "t": 0.514, "ts": "15:42:17.856"}
{"evt": "OUT_TX", "id": "0x5a0", "t": 0.514, "ts": "15:42:17.856"}
{"evt": "OUT_TX", "id": "0x603", "t": 0.515, "ts": "15:42:17.857"}
{"evt": "OUT_TX", "id": "0x5a0", "t": 0.565, "ts": "15:42:17.907"}
{"evt": "OUT_TX", "id": "0x6c0", "t": 0.615, "ts": "15:42:17.957"}
{"evt": "OUT_TX", "id": "0x5a0", "t": 0.615, "ts": "15:42:17.957"}
{"evt": "OUT_TX", "id": "0x603", "t": 0.616, "ts": "15:42:17.958"}
{"evt": "OUT_TX", "id": "0x5a0", "t": 0.665, "ts": "15:42:18.007"}
{"evt": "OUT_TX", "id": "0x6c0", "t": 0.716, "ts": "15:42:18.058"}
{"evt": "OUT_TX", "id": "0x5a0", "t": 0.717, "ts": "15:42:18.058"}
{"evt": "OUT_TX", "id": "0x603", "t": 0.717, "ts": "15:42:18.059"}
{"evt": "OUT_TX", "id": "0x5a0", "t": 0.817, "ts": "15:42:18.159"}
{"evt": "OUT_TX", "id": "0x6c0", "t": 0.868, "ts": "15:42:18.210"}
{"evt": "OUT_TX", "id": "0x5a0", "t": 0.868, "ts": "15:42:18.210"}
{"evt": "OUT_TX", "id": "0x603", "t": 0.869, "ts": "15:42:18.211"}
{"evt": "OUT_TX", "id": "0x5a0", "t": 0.918, "ts": "15:42:18.260"}
{"evt": "OUT_TX", "id": "0x6c0", "t": 0.969, "ts": "15:42:18.311"}
{"evt": "OUT_TX", "id": "0x5a0", "t": 0.969, "ts": "15:42:18.311"}
{"evt": "OUT_TX", "id": "0x603", "t": 0.97, "ts": "15:42:18.312"}
{"evt": "OUT_TX", "id": "0x5a0", "t": 1.019, "ts": "15:42:18.361"}
{"evt": "OUT_TX", "id": "0x6c0", "t": 1.069, "ts": "15:42:18.411"}
{"evt": "OUT_TX", "id": "0x5a0", "t": 1.07, "ts": "15:42:18.412"}
{"evt": "OUT_TX", "id": "0x603", "t": 1.07, "ts": "15:42:18.412"}
{"evt": "OUT_TX", "id": "0x5a0", "t": 1.12, "ts": "15:42:18.462"}
{"evt": "OUT_TX", "id": "0x6c0", "t": 1.17, "ts": "15:42:18.512"}
{"evt": "OUT_TX", "id": "0x5a0", "t": 1.171, "ts": "15:42:18.513"}
{"evt": "OUT_TX", "id": "0x603", "t": 1.171, "ts": "15:42:18.513"}
{"evt": "OUT_TX", "id": "0x5a0", "t": 1.221, "ts": "15:42:18.563"}
{"evt": "OUT_TX", "id": "0x6c0", "t": 1.271, "ts": "15:42:18.613"}
{"evt": "OUT_TX", "id": "0x5a0", "t": 1.272, "ts": "15:42:18.614"}
{"evt": "OUT_TX", "id": "0x603", "t": 1.272, "ts": "15:42:18.614"}
{"evt": "OUT_TX", "id": "0x5a0", "t": 1.322, "ts": "15:42:18.664"}
{"evt": "OUT_TX", "id": "0x6c0", "t": 1.423, "ts": "15:42:18.765"}
{"evt": "OUT_TX", "id": "0x6c1", "t": 1.424, "ts": "15:42:18.765"}
{"evt": "OUT_TX", "id": "0x5a0", "t": 1.424, "ts": "15:42:18.766"}
{"evt": "OUT_TX", "id": "0x603", "t": 1.424, "ts": "15:42:18.766"}
{"evt": "OUT_TX", "id": "0x5a0", "t": 1.475, "ts": "15:42:18.817"}
{"evt": "OUT_TX", "id": "0x6c0", "t": 1.525, "ts": "15:42:18.867"}
{"evt": "OUT_TX", "id": "0x5a0", "t": 1.525, "ts": "15:42:18.867"}
{"evt": "OUT_TX", "id": "0x603", "t": 1.526, "ts": "15:42:18.868"}
{"evt": "OUT_TX", "id": "0x5a0", "t": 1.575, "ts": "15:42:18.917"}
{"evt": "OUT_TX", "id": "0x6c0", "t": 1.625, "ts": "15:42:18.967"}
{"evt": "OUT_TX", "id": "0x5a0", "t": 1.626, "ts": "15:42:18.968"}
{"evt": "OUT_TX", "id": "0x603", "t": 1.626, "ts": "15:42:18.968"}
{"evt": "OUT_TX", "id": "0x5a0", "t": 1.626, "ts": "15:42:18.968"}
{"evt": "OUT_TX", "id": "0x6c0", "t": 1.627, "ts": "15:42:18.969"}
{"evt": "OUT_TX", "id": "0x5a0", "t": 1.627, "ts": "15:42:18.969"}
{"evt": "OUT_TX", "id": "0x603", "t": 1.627, "ts": "15:42:18.969"}
{"evt": "OUT_TX", "id": "0x5a0", "t": 1.627, "ts": "15:42:18.969"}
{"evt": "OUT_TX", "id": "0x6c0", "t": 1.627, "ts": "15:42:18.969"}
{"evt": "OUT_TX", "id": "0x5a0", "t": 1.628, "ts": "15:42:18.970"}
{"evt": "OUT_TX", "id": "0x603", "t": 1.628, "ts": "15:42:18.970"}
{"evt": "OUT_TX", "id": "0x5a0", "t": 1.628, "ts": "15:42:18.970"}
{"evt": "OUT_TX", "id": "0x6c0", "t": 1.628, "ts": "15:42:18.970"}
{"evt": "OUT_TX", "id": "0x5a0", "t": 1.629, "ts": "15:42:18.971"}
{"evt": "OUT_TX", "id": "0x603", "t": 1.629, "ts": "15:42:18.971"}
{"evt": "OUT_TX", "id": "0x5a0", "t": 1.629, "ts": "15:42:18.971"}
{"evt": "OUT_TX", "id": "0x6c0", "t": 1.629, "ts": "15:42:18.971"}
{"evt": "OUT_TX", "id": "0x5a0", "t": 1.63, "ts": "15:42:18.971"}
{"evt": "OUT_TX", "id": "0x603", "t": 1.63, "ts": "15:42:18.972"}
{"evt": "OUT_TX", "id": "0x5a0", "t": 1.63, "ts": "15:42:18.972"}
{"evt": "OUT_TX", "id": "0x6c0", "t": 1.63, "ts": "15:42:18.972"}
{"evt": "OUT_TX", "id": "0x5a0", "t": 1.63, "ts": "15:42:18.972"}
{"evt": "OUT_TX", "id": "0x603", "t": 1.631, "ts": "15:42:18.973"}
{"evt": "OUT_TX", "id": "0x5a0", "t": 1.631, "ts": "15:42:18.973"}
{"evt": "OUT_TX", "id": "0x6c0", "t": 1.631, "ts": "15:42:18.973"}
{"evt": "OUT_TX", "id": "0x5a0", "t": 1.631, "ts": "15:42:18.973"}
{"evt": "OUT_TX", "id": "0x603", "t": 1.632, "ts": "15:42:18.973"}
{"evt": "OUT_TX", "id": "0x5a0", "t": 1.632, "ts": "15:42:18.974"}
{"evt": "OUT_TX", "id": "0x6c0", "t": 1.632, "ts": "15:42:18.974"}
{"evt": "OUT_TX", "id": "0x5a0", "t": 1.632, "ts": "15:42:18.974"}
{"evt": "OUT_TX", "id": "0x603", "t": 1.632, "ts": "15:42:18.974"}
{"evt": "OUT_TX", "id": "0x5a0", "t": 1.633, "ts": "15:42:18.975"}
{"evt": "OUT_TX", "id": "0x6c0", "t": 1.633, "ts": "15:42:18.975"}
{"evt": "OUT_TX", "id": "0x6c1", "t": 1.633, "ts": "15:42:18.975"}
{"evt": "OUT_TX", "id": "0x5a0", "t": 1.633, "ts": "15:42:18.975"}
{"evt": "OUT_TX", "id": "0x603", "t": 1.634, "ts": "15:42:18.976"}
{"evt": "OUT_TX", "id": "0x5a0", "t": 1.634, "ts": "15:42:18.976"}
{"evt": "OUT_TX", "id": "0x6c0", "t": 1.634, "ts": "15:42:18.976"}
{"evt": "OUT_TX", "id": "0x5a0", "t": 1.635, "ts": "15:42:18.977"}
{"evt": "OUT_TX", "id": "0x603", "t": 1.635, "ts": "15:42:18.977"}
{"evt": "OUT_TX", "id": "0x5a0", "t": 1.635, "ts": "15:42:18.977"}
{"evt": "OUT_TX", "id": "0x6c0", "t": 1.635, "ts": "15:42:18.977"}
{"evt": "OUT_TX", "id": "0x5a0", "t": 1.636, "ts": "15:42:18.978"}
{"evt": "OUT_TX", "id": "0x603", "t": 1.636, "ts": "15:42:18.978"}
{"evt": "OUT_TX", "id": "0x5a0", "t": 1.636, "ts": "15:42:18.978"}
{"evt": "OUT_TX", "id": "0x6c0", "t": 1.637, "ts": "15:42:18.979"}
{"evt": "OUT_TX", "id": "0x5a0", "t": 1.637, "ts": "15:42:18.979"}
{"evt": "OUT_TX", "id": "0x603", "t": 1.637, "ts": "15:42:18.979"}
{"evt": "OUT_TX", "id": "0x5a0", "t": 1.637, "ts": "15:42:18.979"}
{"evt": "OUT_TX", "id": "0x6c0", "t": 1.638, "ts": "15:42:18.980"}
{"evt": "OUT_TX", "id": "0x5a0", "t": 1.638, "ts": "15:42:18.980"}
{"evt": "OUT_TX", "id": "0x603", "t": 1.638, "ts": "15:42:18.980"}
{"evt": "OUT_TX", "id": "0x5a0", "t": 1.639, "ts": "15:42:18.980"}
{"evt": "OUT_TX", "id": "0x6c0", "t": 1.639, "ts": "15:42:18.981"}
{"evt": "OUT_TX", "id": "0x5a0", "t": 1.639, "ts": "15:42:18.981"}
{"evt": "OUT_TX", "id": "0x603", "t": 1.639, "ts": "15:42:18.981"}
{"evt": "OUT_TX", "id": "0x5a0", "t": 1.64, "ts": "15:42:18.982"}
{"evt": "OUT_TX", "id": "0x6c0", "t": 1.64, "ts": "15:42:18.982"}
{"evt": "OUT_TX", "id": "0x5a0", "t": 1.64, "ts": "15:42:18.982"}
{"evt": "OUT_TX", "id": "0x603", "t": 1.64, "ts": "15:42:18.982"}
{"evt": "OUT_TX", "id": "0x5a0", "t": 1.641, "ts": "15:42:18.982"}
{"evt": "OUT_TX", "id": "0x6c0", "t": 1.641, "ts": "15:42:18.983"}
{"evt": "OUT_TX", "id": "0x5a0", "t": 1.641, "ts": "15:42:18.983"}
{"evt": "OUT_TX", "id": "0x603", "t": 1.641, "ts": "15:42:18.983"}
{"evt": "OUT_TX", "id": "0x5a0", "t": 1.641, "ts": "15:42:18.983"}
{"evt": "OUT_TX", "id": "0x6c0", "t": 1.642, "ts": "15:42:18.984"}
{"evt": "OUT_TX", "id": "0x5a0", "t": 1.642, "ts": "15:42:18.984"}
{"evt": "OUT_TX", "id": "0x603", "t": 1.642, "ts": "15:42:18.984"}
{"evt": "OUT_TX", "id": "0x5a0", "t": 1.643, "ts": "15:42:18.984"}
{"evt": "OUT_TX", "id": "0x6c0", "t": 1.643, "ts": "15:42:18.985"}
{"evt": "OUT_TX", "id": "0x5a0", "t": 1.643, "ts": "15:42:18.985"}
{"evt": "OUT_TX", "id": "0x603", "t": 1.643, "ts": "15:42:18.985"}
{"evt": "OUT_TX", "id": "0x5a0", "t": 1.644, "ts": "15:42:18.985"}
{"evt": "OUT_TX", "id": "0x6c0", "t": 1.644, "ts": "15:42:18.986"}
{"evt": "OUT_TX", "id": "0x6c1", "t": 1.644, "ts": "15:42:18.986"}
{"evt": "OUT_TX", "id": "0x5a0", "t": 1.644, "ts": "15:42:18.986"}
{"evt": "OUT_TX", "id": "0x603", "t": 1.644, "ts": "15:42:18.986"}
{"evt": "OUT_TX", "id": "0x5a0", "t": 1.645, "ts": "15:42:18.987"}
{"evt": "OUT_TX", "id": "0x6c0", "t": 1.645, "ts": "15:42:18.987"}
{"evt": "OUT_TX", "id": "0x5a0", "t": 1.645, "ts": "15:42:18.987"}
{"evt": "OUT_TX", "id": "0x603", "t": 1.645, "ts": "15:42:18.987"}
{"evt": "OUT_TX", "id": "0x5a0", "t": 1.646, "ts": "15:42:18.988"}
{"evt": "OUT_TX", "id": "0x6c0", "t": 1.646, "ts": "15:42:18.988"}
{"evt": "OUT_TX", "id": "0x5a0", "t": 1.646, "ts": "15:42:18.988"}
{"evt": "OUT_TX", "id": "0x603", "t": 1.646, "ts": "15:42:18.988"}
{"evt": "OUT_TX", "id": "0x5a0", "t": 1.647, "ts": "15:42:18.989"}
{"evt": "OUT_TX", "id": "0x6c0", "t": 1.647, "ts": "15:42:18.989"}
{"evt": "OUT_TX", "id": "0x5a0", "t": 1.647, "ts": "15:42:18.989"}
{"evt": "OUT_TX", "id": "0x603", "t": 1.647, "ts": "15:42:18.989"}
{"evt": "OUT_TX", "id": "0x5a0", "t": 1.647, "ts": "15:42:18.989"}
{"evt": "OUT_TX", "id": "0x6c0", "t": 1.648, "ts": "15:42:18.990"}
{"evt": "OUT_TX", "id": "0x5a0", "t": 1.648, "ts": "15:42:18.990"}
{"evt": "OUT_TX", "id": "0x603", "t": 1.648, "ts": "15:42:18.990"}
{"evt": "OUT_TX", "id": "0x5a0", "t": 1.648, "ts": "15:42:18.990"}
{"evt": "OUT_TX", "id": "0x6c0", "t": 1.649, "ts": "15:42:18.991"}
{"evt": "OUT_TX", "id": "0x5a0", "t": 1.649, "ts": "15:42:18.991"}
{"evt": "OUT_TX", "id": "0x603", "t": 1.649, "ts": "15:42:18.991"}
{"evt": "OUT_TX", "id": "0x5a0", "t": 1.649, "ts": "15:42:18.991"}
{"evt": "OUT_TX", "id": "0x6c0", "t": 1.65, "ts": "15:42:18.991"}
{"evt": "OUT_TX", "id": "0x5a0", "t": 1.65, "ts": "15:42:18.992"}
{"evt": "OUT_TX", "id": "0x603", "t": 1.65, "ts": "15:42:18.992"}
{"evt": "OUT_TX", "id": "0x5a0", "t": 1.65, "ts": "15:42:18.992"}
{"evt": "OUT_TX", "id": "0x6c0", "t": 1.65, "ts": "15:42:18.992"}
{"evt": "OUT_TX", "id": "0x5a0", "t": 1.651, "ts": "15:42:18.993"}
{"evt": "OUT_TX", "id": "0x603", "t": 1.651, "ts": "15:42:18.993"}
{"evt": "OUT_TX", "id": "0x5a0", "t": 1.651, "ts": "15:42:18.993"}
{"evt": "OUT_TX", "id": "0x6c0", "t": 1.651, "ts": "15:42:18.993"}
{"evt": "OUT_TX", "id": "0x5a0", "t": 1.652, "ts": "15:42:18.994"}
{"evt": "OUT_TX", "id": "0x603", "t": 1.652, "ts": "15:42:18.994"}
{"evt": "OUT_TX", "id": "0x5a0", "t": 1.652, "ts": "15:42:18.994"}
{"evt": "OUT_TX", "id": "0x6c0", "t": 1.652, "ts": "15:42:18.994"}
{"evt": "OUT_TX", "id": "0x5a0", "t": 1.652, "ts": "15:42:18.994"}
{"evt": "OUT_TX", "id": "0x603", "t": 1.653, "ts": "15:42:18.995"}
{"evt": "OUT_TX", "id": "0x5a0", "t": 1.653, "ts": "15:42:18.995"}
{"evt": "OUT_TX", "id": "0x6c0", "t": 1.653, "ts": "15:42:18.995"}
{"evt": "OUT_TX", "id": "0x6c1", "t": 1.653, "ts": "15:42:18.995"}
{"evt": "OUT_TX", "id": "0x5a0", "t": 1.654, "ts": "15:42:18.996"}
{"evt": "OUT_TX", "id": "0x603", "t": 1.654, "ts": "15:42:18.996"}
{"evt": "OUT_TX", "id": "0x5a0", "t": 1.654, "ts": "15:42:18.996"}
{"evt": "OUT_TX", "id": "0x6c0", "t": 1.654, "ts": "15:42:18.996"}
{"evt": "OUT_TX", "id": "0x5a0", "t": 1.654, "ts": "15:42:18.996"}
{"evt": "OUT_TX", "id": "0x603", "t": 1.655, "ts": "15:42:18.997"}
{"evt": "OUT_TX", "id": "0x5a0", "t": 1.655, "ts": "15:42:18.997"}
{"evt": "OUT_TX", "id": "0x6c0", "t": 1.655, "ts": "15:42:18.997"}
{"evt": "OUT_TX", "id": "0x5a0", "t": 1.655, "ts": "15:42:18.997"}
{"evt": "OUT_TX", "id": "0x603", "t": 1.656, "ts": "15:42:18.998"}
{"evt": "OUT_TX", "id": "0x5a0", "t": 1.656, "ts": "15:42:18.998"}
{"evt": "OUT_TX", "id": "0x6c0", "t": 1.656, "ts": "15:42:18.998"}
{"evt": "OUT_TX", "id": "0x5a0", "t": 1.656, "ts": "15:42:18.998"}
{"evt": "OUT_TX", "id": "0x603", "t": 1.657, "ts": "15:42:18.998"}
{"evt": "OUT_TX", "id": "0x5a0", "t": 1.657, "ts": "15:42:18.999"}
{"evt": "OUT_TX", "id": "0x6c0", "t": 1.657, "ts": "15:42:18.999"}
{"evt": "OUT_TX", "id": "0x5a0", "t": 1.657, "ts": "15:42:18.999"}
{"evt": "OUT_TX", "id": "0x603", "t": 1.657, "ts": "15:42:18.999"}
{"evt": "OUT_TX", "id": "0x5a0", "t": 1.658, "ts": "15:42:19.000"}
{"evt": "OUT_TX", "id": "0x6c0", "t": 1.658, "ts": "15:42:19.000"}
{"evt": "OUT_TX", "id": "0x5a0", "t": 1.658, "ts": "15:42:19.000"}
{"evt": "OUT_TX", "id": "0x603", "t": 1.658, "ts": "15:42:19.000"}
{"evt": "OUT_TX", "id": "0x5a0", "t": 1.659, "ts": "15:42:19.001"}
{"evt": "OUT_TX", "id": "0x6c0", "t": 1.659, "ts": "15:42:19.001"}
{"evt": "OUT_TX", "id": "0x5a0", "t": 1.659, "ts": "15:42:19.001"}
{"evt": "OUT_TX", "id": "0x603", "t": 1.659, "ts": "15:42:19.001"}
{"evt": "OUT_TX", "id": "0x5a0", "t": 1.66, "ts": "15:42:19.001"}
{"evt": "OUT_TX", "id": "0x6c0", "t": 1.66, "ts": "15:42:19.002"}
{"evt": "OUT_TX", "id": "0x5a0", "t": 1.66, "ts": "15:42:19.002"}
{"evt": "OUT_TX", "id": "0x603", "t": 1.66, "ts": "15:42:19.002"}
{"evt": "OUT_TX", "id": "0x5a0", "t": 1.66, "ts": "15:42:19.002"}
{"evt": "OUT_TX", "id": "0x6c0", "t": 1.661, "ts": "15:42:19.003"}
{"evt": "OUT_TX", "id": "0x5a0", "t": 1.661, "ts": "15:42:19.003"}
{"evt": "OUT_TX", "id": "0x603", "t": 1.661, "ts": "15:42:19.003"}
{"evt": "OUT_TX", "id": "0x5a0", "t": 1.661, "ts": "15:42:19.003"}
{"evt": "OUT_TX", "id": "0x6c0", "t": 1.662, "ts": "15:42:19.004"}
{"evt": "OUT_TX", "id": "0x5a0", "t": 1.662, "ts": "15:42:19.004"}
{"evt": "OUT_TX", "id": "0x603", "t": 1.662, "ts": "15:42:19.004"}
{"evt": "OUT_TX", "id": "0x5a0", "t": 1.662, "ts": "15:42:19.004"}
{"evt": "OUT_TX", "id": "0x6c0", "t": 1.662, "ts": "15:42:19.004"}
{"evt": "OUT_TX", "id": "0x6c1", "t": 1.663, "ts": "15:42:19.005"}
{"evt": "OUT_TX", "id": "0x5a0", "t": 1.663, "ts": "15:42:19.005"}
{"evt": "OUT_TX", "id": "0x603", "t": 1.663, "ts": "15:42:19.005"}
{"evt": "OUT_TX", "id": "0x5a0", "t": 1.663, "ts": "15:42:19.005"}
{"evt": "OUT_TX", "id": "0x6c0", "t": 1.664, "ts": "15:42:19.006"}
{"evt": "OUT_TX", "id": "0x5a0", "t": 1.664, "ts": "15:42:19.006"}
{"evt": "OUT_TX", "id": "0x603", "t": 1.664, "ts": "15:42:19.006"}
{"evt": "OUT_TX", "id": "0x5a0", "t": 1.664, "ts": "15:42:19.006"}
{"evt": "OUT_TX", "id": "0x6c0", "t": 1.664, "ts": "15:42:19.006"}
{"evt": "OUT_TX", "id": "0x5a0", "t": 1.665, "ts": "15:42:19.007"}
{"evt": "OUT_TX", "id": "0x603", "t": 1.665, "ts": "15:42:19.007"}
{"evt": "OUT_TX", "id": "0x5a0", "t": 1.665, "ts": "15:42:19.007"}
{"evt": "OUT_TX", "id": "0x6c0", "t": 1.665, "ts": "15:42:19.007"}
{"evt": "OUT_TX", "id": "0x5a0", "t": 1.666, "ts": "15:42:19.008"}
{"evt": "OUT_TX", "id": "0x603", "t": 1.666, "ts": "15:42:19.008"}
{"evt": "OUT_TX", "id": "0x5a0", "t": 1.666, "ts": "15:42:19.008"}
{"evt": "OUT_TX", "id": "0x6c0", "t": 1.666, "ts": "15:42:19.008"}
{"evt": "OUT_TX", "id": "0x5a0", "t": 1.667, "ts": "15:42:19.008"}
{"evt": "OUT_TX", "id": "0x603", "t": 1.667, "ts": "15:42:19.009"}
{"evt": "OUT_TX", "id": "0x5a0", "t": 1.667, "ts": "15:42:19.009"}
{"evt": "OUT_TX", "id": "0x6c0", "t": 1.667, "ts": "15:42:19.009"}
{"evt": "OUT_TX", "id": "0x5a0", "t": 1.667, "ts": "15:42:19.009"}
{"evt": "OUT_TX", "id": "0x603", "t": 1.668, "ts": "15:42:19.010"}
{"evt": "OUT_TX", "id": "0x5a0", "t": 1.668, "ts": "15:42:19.010"}
{"evt": "OUT_TX", "id": "0x6c0", "t": 1.668, "ts": "15:42:19.010"}
{"evt": "OUT_TX", "id": "0x5a0", "t": 1.668, "ts": "15:42:19.010"}
{"evt": "OUT_TX", "id": "0x603", "t": 1.669, "ts": "15:42:19.010"}
{"evt": "OUT_TX", "id": "0x5a0", "t": 1.669, "ts": "15:42:19.011"}
{"evt": "OUT_TX", "id": "0x6c0", "t": 1.669, "ts": "15:42:19.011"}
{"evt": "OUT_TX", "id": "0x5a0", "t": 1.669, "ts": "15:42:19.011"}
{"evt": "OUT_TX", "id": "0x603", "t": 1.669, "ts": "15:42:19.011"}
{"evt": "OUT_TX", "id": "0x5a0", "t": 1.67, "ts": "15:42:19.012"}
{"evt": "OUT_TX", "id": "0x6c0", "t": 1.67, "ts": "15:42:19.012"}
{"evt": "OUT_TX", "id": "0x5a0", "t": 1.67, "ts": "15:42:19.012"}
{"evt": "OUT_TX", "id": "0x603", "t": 1.67, "ts": "15:42:19.012"}
{"evt": "OUT_TX", "id": "0x5a0", "t": 1.671, "ts": "15:42:19.013"}
{"evt": "OUT_TX", "id": "0x6c0", "t": 1.671, "ts": "15:42:19.013"}
{"evt": "OUT_TX", "id": "0x5a0", "t": 1.671, "ts": "15:42:19.013"}
{"evt": "OUT_TX", "id": "0x603", "t": 1.671, "ts": "15:42:19.013"}
{"evt": "OUT_TX", "id": "0x5a0", "t": 1.671, "ts": "15:42:19.013"}
{"evt": "OUT_TX", "id": "0x6c0", "t": 1.672, "ts": "15:42:19.014"}
{"evt": "OUT_TX", "id": "0x6c1", "t": 1.672, "ts": "15:42:19.014"}
{"evt": "OUT_TX", "id": "0x5a0", "t": 1.672, "ts": "15:42:19.014"}
{"evt": "OUT_TX", "id": "0x603", "t": 1.672, "ts": "15:42:19.014"}
{"evt": "OUT_TX", "id": "0x5a0", "t": 1.673, "ts": "15:42:19.015"}
{"evt": "OUT_TX", "id": "0x6c0", "t": 1.673, "ts": "15:42:19.015"}
{"evt": "OUT_TX", "id": "0x5a0", "t": 1.673, "ts": "15:42:19.015"}
{"evt": "OUT_TX", "id": "0x603", "t": 1.673, "ts": "15:42:19.015"}
{"evt": "OUT_TX", "id": "0x5a0", "t": 1.674, "ts": "15:42:19.016"}
{"evt": "OUT_TX", "id": "0x6c0", "t": 1.674, "ts": "15:42:19.016"}
{"evt": "OUT_TX", "id": "0x5a0", "t": 1.674, "ts": "15:42:19.016"}
{"evt": "OUT_TX", "id": "0x603", "t": 1.674, "ts": "15:42:19.016"}
{"evt": "OUT_TX", "id": "0x5a0", "t": 1.675, "ts": "15:42:19.017"}
{"evt": "OUT_TX", "id": "0x6c0", "t": 1.675, "ts": "15:42:19.017"}
{"evt": "OUT_TX", "id": "0x5a0", "t": 1.675, "ts": "15:42:19.017"}
{"evt": "OUT_TX", "id": "0x603", "t": 1.675, "ts": "15:42:19.017"}
{"evt": "OUT_TX", "id": "0x5a0", "t": 1.676, "ts": "15:42:19.017"}
{"evt": "OUT_TX", "id": "0x6c0", "t": 1.676, "ts": "15:42:19.018"}
{"evt": "OUT_TX", "id": "0x5a0", "t": 1.676, "ts": "15:42:19.018"}
{"evt": "OUT_TX", "id": "0x603", "t": 1.676, "ts": "15:42:19.018"}
{"evt": "OUT_TX", "id": "0x5a0", "t": 1.676, "ts": "15:42:19.018"}
{"evt": "OUT_TX", "id": "0x6c0", "t": 1.677, "ts": "15:42:19.019"}
{"evt": "OUT_TX", "id": "0x5a0", "t": 1.677, "ts": "15:42:19.019"}
{"evt": "OUT_TX", "id": "0x603", "t": 1.677, "ts": "15:42:19.019"}
{"evt": "OUT_TX", "id": "0x5a0", "t": 1.949, "ts": "15:42:19.291"}
{"evt": "OUT_TX", "id": "0x6c0", "t": 2.45, "ts": "15:42:19.792"}
{"evt": "OUT_TX", "id": "0x5a0", "t": 2.451, "ts": "15:42:19.793"}
{"evt": "OUT_TX", "id": "0x603", "t": 2.451, "ts": "15:42:19.793"}
{"evt": "OUT_TX", "id": "0x5a0", "t": 2.95, "ts": "15:42:20.292"}
{"evt": "OUT_TX", "id": "0x6c0", "t": 3.45, "ts": "15:42:20.792"}
{"evt": "OUT_TX", "id": "0x5a0", "t": 3.451, "ts": "15:42:20.793"}
{"evt": "OUT_TX", "id": "0x603", "t": 3.452, "ts": "15:42:20.794"}
{"evt": "OUT_TX", "id": "0x5a0", "t": 3.951, "ts": "15:42:21.293"}
{"evt": "OUT_TX", "id": "0x6c0", "t": 4.451, "ts": "15:42:21.793"}
{"evt": "OUT_TX", "id": "0x5a0", "t": 4.452, "ts": "15:42:21.794"}
{"evt": "OUT_TX", "id": "0x603", "t": 4.452, "ts": "15:42:21.794"}
{"evt": "OUT_TX", "id": "0x5a0", "t": 4.951, "ts": "15:42:22.293"}
{"evt": "OUT_TX", "id": "0x6c0", "t": 5.451, "ts": "15:42:22.793"}
{"evt": "OUT_TX", "id": "0x5a0", "t": 5.452, "ts": "15:42:22.794"}
{"evt": "OUT_TX", "id": "0x603", "t": 5.452, "ts": "15:42:22.794"}
{"evt": "OUT_TX", "id": "0x5a0", "t": 5.951, "ts": "15:42:23.293"}
{"evt": "OUT_TX", "id": "0x6c0", "t": 6.452, "ts": "15:42:23.794"}
{"evt": "OUT_TX", "id": "0x6c1", "t": 6.454, "ts": "15:42:23.796"}
{"evt": "OUT_TX", "id": "0x5a0", "t": 6.454, "ts": "15:42:23.796"}
{"evt": "OUT_TX", "id": "0x603", "t": 6.454, "ts": "15:42:23.796"}
{"evt": "OUT_TX", "id": "0x5a0", "t": 6.952, "ts": "15:42:24.294"}
{"evt": "OUT_TX", "id": "0x6c0", "t": 7.452, "ts": "15:42:24.794"}
{"evt": "OUT_TX", "id": "0x5a0", "t": 7.453, "ts": "15:42:24.795"}
{"evt": "OUT_TX", "id": "0x603", "t": 7.454, "ts": "15:42:24.796"}
{"evt": "OUT_TX", "id": "0x5a0", "t": 7.952, "ts": "15:42:25.294"}
{"evt": "WAKE_START", "id": "0x795", "period_ms": 100, "payload": "0000000000000000", "ts": "15:46:43.351"}
{"evt": "POWER_OK", "ma": 418.0, "ts": "15:46:47.273"}
{"evt": "WAKE_STOP", "ts": "15:47:47.804"}
{"evt": "OUT_TX", "id": "0x6c0", "t": 0.251, "ts": "15:47:48.055"}
{"evt": "OUT_TX", "id": "0x6c1", "t": 0.251, "ts": "15:47:48.055"}
{"evt": "OUT_TX", "id": "0x5a0", "t": 0.252, "ts": "15:47:48.056"}
{"evt": "OUT_TX", "id": "0x603", "t": 0.252, "ts": "15:47:48.056"}
{"evt": "OUT_TX", "id": "0x5a0", "t": 0.301, "ts": "15:47:48.106"}
{"evt": "OUT_TX", "id": "0x6c0", "t": 0.351, "ts": "15:47:48.156"}
{"evt": "OUT_TX", "id": "0x5a0", "t": 0.352, "ts": "15:47:48.156"}
{"evt": "OUT_TX", "id": "0x603", "t": 0.352, "ts": "15:47:48.156"}
{"evt": "OUT_TX", "id": "0x5a0", "t": 0.402, "ts": "15:47:48.207"}
{"evt": "OUT_TX", "id": "0x6c0", "t": 0.452, "ts": "15:47:48.257"}
{"evt": "OUT_TX", "id": "0x5a0", "t": 0.453, "ts": "15:47:48.257"}
{"evt": "OUT_TX", "id": "0x603", "t": 0.453, "ts": "15:47:48.258"}
{"evt": "OUT_TX", "id": "0x5a0", "t": 0.542, "ts": "15:47:48.346"}
{"evt": "OUT_TX", "id": "0x6c0", "t": 0.592, "ts": "15:47:48.396"}
{"evt": "OUT_TX", "id": "0x5a0", "t": 0.593, "ts": "15:47:48.397"}
{"evt": "OUT_TX", "id": "0x603", "t": 0.593, "ts": "15:47:48.397"}
{"evt": "OUT_TX", "id": "0x5a0", "t": 0.693, "ts": "15:47:48.497"}
{"evt": "OUT_TX", "id": "0x6c0", "t": 0.742, "ts": "15:47:48.547"}
{"evt": "OUT_TX", "id": "0x5a0", "t": 0.743, "ts": "15:47:48.547"}
{"evt": "OUT_TX", "id": "0x603", "t": 0.743, "ts": "15:47:48.548"}
{"evt": "OUT_TX", "id": "0x5a0", "t": 0.794, "ts": "15:47:48.598"}
{"evt": "OUT_TX", "id": "0x6c0", "t": 0.843, "ts": "15:47:48.647"}
{"evt": "OUT_TX", "id": "0x5a0", "t": 0.844, "ts": "15:47:48.648"}
{"evt": "OUT_TX", "id": "0x603", "t": 0.844, "ts": "15:47:48.648"}
{"evt": "OUT_TX", "id": "0x5a0", "t": 0.945, "ts": "15:47:48.749"}
{"evt": "OUT_TX", "id": "0x6c0", "t": 0.996, "ts": "15:47:48.800"}
{"evt": "OUT_TX", "id": "0x5a0", "t": 0.996, "ts": "15:47:48.800"}
{"evt": "OUT_TX", "id": "0x603", "t": 0.997, "ts": "15:47:48.801"}
{"evt": "OUT_TX", "id": "0x5a0", "t": 1.046, "ts": "15:47:48.850"}
{"evt": "OUT_TX", "id": "0x6c0", "t": 1.148, "ts": "15:47:48.952"}
{"evt": "OUT_TX", "id": "0x5a0", "t": 1.148, "ts": "15:47:48.952"}
{"evt": "OUT_TX", "id": "0x603", "t": 1.149, "ts": "15:47:48.953"}
{"evt": "OUT_TX", "id": "0x5a0", "t": 1.199, "ts": "15:47:49.003"}
{"evt": "OUT_TX", "id": "0x6c0", "t": 1.249, "ts": "15:47:49.053"}
{"evt": "OUT_TX", "id": "0x5a0", "t": 1.249, "ts": "15:47:49.053"}
{"evt": "OUT_TX", "id": "0x603", "t": 1.25, "ts": "15:47:49.054"}
{"evt": "OUT_TX", "id": "0x5a0", "t": 1.299, "ts": "15:47:49.104"}
{"evt": "OUT_TX", "id": "0x6c0", "t": 1.349, "ts": "15:47:49.153"}
{"evt": "OUT_TX", "id": "0x5a0", "t": 1.349, "ts": "15:47:49.154"}
{"evt": "OUT_TX", "id": "0x603", "t": 1.35, "ts": "15:47:49.154"}
{"evt": "OUT_TX", "id": "0x5a0", "t": 1.4, "ts": "15:47:49.204"}
{"evt": "OUT_TX", "id": "0x6c0", "t": 1.45, "ts": "15:47:49.254"}
{"evt": "OUT_TX", "id": "0x6c1", "t": 1.45, "ts": "15:47:49.255"}
{"evt": "OUT_TX", "id": "0x5a0", "t": 1.451, "ts": "15:47:49.255"}
{"evt": "OUT_TX", "id": "0x603", "t": 1.451, "ts": "15:47:49.256"}
{"evt": "OUT_TX", "id": "0x5a0", "t": 1.502, "ts": "15:47:49.306"}
{"evt": "OUT_TX", "id": "0x6c0", "t": 1.553, "ts": "15:47:49.357"}
{"evt": "OUT_TX", "id": "0x5a0", "t": 1.554, "ts": "15:47:49.358"}
{"evt": "OUT_TX", "id": "0x603", "t": 1.554, "ts": "15:47:49.358"}
{"evt": "OUT_TX", "id": "0x5a0", "t": 1.604, "ts": "15:47:49.408"}
{"evt": "OUT_TX", "id": "0x6c0", "t": 1.654, "ts": "15:47:49.459"}
{"evt": "OUT_TX", "id": "0x5a0", "t": 1.655, "ts": "15:47:49.459"}
{"evt": "OUT_TX", "id": "0x603", "t": 1.655, "ts": "15:47:49.459"}
{"evt": "OUT_TX", "id": "0x5a0", "t": 1.656, "ts": "15:47:49.460"}
{"evt": "OUT_TX", "id": "0x6c0", "t": 1.656, "ts": "15:47:49.460"}
{"evt": "OUT_TX", "id": "0x5a0", "t": 1.656, "ts": "15:47:49.460"}
{"evt": "OUT_TX", "id": "0x603", "t": 1.656, "ts": "15:47:49.461"}
{"evt": "OUT_TX", "id": "0x5a0", "t": 1.657, "ts": "15:47:49.461"}
{"evt": "OUT_TX", "id": "0x6c0", "t": 1.657, "ts": "15:47:49.461"}
{"evt": "OUT_TX", "id": "0x5a0", "t": 1.657, "ts": "15:47:49.461"}
{"evt": "OUT_TX", "id": "0x603", "t": 1.657, "ts": "15:47:49.462"}
{"evt": "OUT_TX", "id": "0x5a0", "t": 1.658, "ts": "15:47:49.462"}
{"evt": "OUT_TX", "id": "0x6c0", "t": 1.658, "ts": "15:47:49.462"}
{"evt": "OUT_TX", "id": "0x5a0", "t": 1.658, "ts": "15:47:49.462"}
{"evt": "OUT_TX", "id": "0x603", "t": 1.658, "ts": "15:47:49.462"}
{"evt": "OUT_TX", "id": "0x5a0", "t": 1.658, "ts": "15:47:49.463"}
{"evt": "OUT_TX", "id": "0x6c0", "t": 1.659, "ts": "15:47:49.463"}
{"evt": "OUT_TX", "id": "0x5a0", "t": 1.659, "ts": "15:47:49.463"}
{"evt": "OUT_TX", "id": "0x603", "t": 1.659, "ts": "15:47:49.463"}
{"evt": "OUT_TX", "id": "0x5a0", "t": 1.659, "ts": "15:47:49.464"}
{"evt": "OUT_TX", "id": "0x6c0", "t": 1.66, "ts": "15:47:49.464"}
{"evt": "OUT_TX", "id": "0x5a0", "t": 1.66, "ts": "15:47:49.464"}
{"evt": "OUT_TX", "id": "0x603", "t": 1.66, "ts": "15:47:49.464"}
{"evt": "OUT_TX", "id": "0x5a0", "t": 1.66, "ts": "15:47:49.465"}
{"evt": "OUT_TX", "id": "0x6c0", "t": 1.661, "ts": "15:47:49.465"}
{"evt": "OUT_TX", "id": "0x5a0", "t": 1.661, "ts": "15:47:49.465"}
{"evt": "OUT_TX", "id": "0x603", "t": 1.661, "ts": "15:47:49.465"}
{"evt": "OUT_TX", "id": "0x5a0", "t": 1.661, "ts": "15:47:49.465"}
{"evt": "OUT_TX", "id": "0x6c0", "t": 1.661, "ts": "15:47:49.466"}
{"evt": "OUT_TX", "id": "0x5a0", "t": 1.662, "ts": "15:47:49.466"}
{"evt": "OUT_TX", "id": "0x603", "t": 1.662, "ts": "15:47:49.466"}
{"evt": "OUT_TX", "id": "0x5a0", "t": 1.662, "ts": "15:47:49.466"}
{"evt": "OUT_TX", "id": "0x6c0", "t": 1.662, "ts": "15:47:49.467"}
{"evt": "OUT_TX", "id": "0x6c1", "t": 1.663, "ts": "15:47:49.467"}
{"evt": "OUT_TX", "id": "0x5a0", "t": 1.663, "ts": "15:47:49.467"}
{"evt": "OUT_TX", "id": "0x603", "t": 1.663, "ts": "15:47:49.467"}
{"evt": "OUT_TX", "id": "0x5a0", "t": 1.663, "ts": "15:47:49.468"}
{"evt": "OUT_TX", "id": "0x6c0", "t": 1.664, "ts": "15:47:49.468"}
{"evt": "OUT_TX", "id": "0x5a0", "t": 1.664, "ts": "15:47:49.468"}
{"evt": "OUT_TX", "id": "0x603", "t": 1.664, "ts": "15:47:49.468"}
{"evt": "OUT_TX", "id": "0x5a0", "t": 1.664, "ts": "15:47:49.468"}
{"evt": "OUT_TX", "id": "0x6c0", "t": 1.664, "ts": "15:47:49.469"}
{"evt": "OUT_TX", "id": "0x5a0", "t": 1.665, "ts": "15:47:49.469"}
{"evt": "OUT_TX", "id": "0x603", "t": 1.665, "ts": "15:47:49.469"}
{"evt": "OUT_TX", "id": "0x5a0", "t": 1.665, "ts": "15:47:49.469"}
{"evt": "OUT_TX", "id": "0x6c0", "t": 1.665, "ts": "15:47:49.470"}
{"evt": "OUT_TX", "id": "0x5a0", "t": 1.666, "ts": "15:47:49.470"}
{"evt": "OUT_TX", "id": "0x603", "t": 1.666, "ts": "15:47:49.470"}
{"evt": "OUT_TX", "id": "0x5a0", "t": 1.666, "ts": "15:47:49.470"}
{"evt": "OUT_TX", "id": "0x6c0", "t": 1.666, "ts": "15:47:49.470"}
{"evt": "OUT_TX", "id": "0x5a0", "t": 1.666, "ts": "15:47:49.471"}
{"evt": "OUT_TX", "id": "0x603", "t": 1.667, "ts": "15:47:49.471"}
{"evt": "OUT_TX", "id": "0x5a0", "t": 1.667, "ts": "15:47:49.471"}
{"evt": "OUT_TX", "id": "0x6c0", "t": 1.667, "ts": "15:47:49.471"}
{"evt": "OUT_TX", "id": "0x5a0", "t": 1.667, "ts": "15:47:49.472"}
{"evt": "OUT_TX", "id": "0x603", "t": 1.668, "ts": "15:47:49.472"}
{"evt": "OUT_TX", "id": "0x5a0", "t": 1.668, "ts": "15:47:49.472"}
{"evt": "OUT_TX", "id": "0x6c0", "t": 1.668, "ts": "15:47:49.472"}
{"evt": "OUT_TX", "id": "0x5a0", "t": 1.668, "ts": "15:47:49.472"}
{"evt": "OUT_TX", "id": "0x603", "t": 1.668, "ts": "15:47:49.473"}
{"evt": "OUT_TX", "id": "0x5a0", "t": 1.669, "ts": "15:47:49.473"}
{"evt": "OUT_TX", "id": "0x6c0", "t": 1.669, "ts": "15:47:49.473"}
{"evt": "OUT_TX", "id": "0x5a0", "t": 1.669, "ts": "15:47:49.473"}
{"evt": "OUT_TX", "id": "0x603", "t": 1.669, "ts": "15:47:49.474"}
{"evt": "OUT_TX", "id": "0x5a0", "t": 1.67, "ts": "15:47:49.474"}
{"evt": "OUT_TX", "id": "0x6c0", "t": 1.67, "ts": "15:47:49.474"}
{"evt": "OUT_TX", "id": "0x5a0", "t": 1.67, "ts": "15:47:49.474"}
{"evt": "OUT_TX", "id": "0x603", "t": 1.67, "ts": "15:47:49.474"}
{"evt": "OUT_TX", "id": "0x5a0", "t": 1.671, "ts": "15:47:49.475"}
{"evt": "OUT_TX", "id": "0x6c0", "t": 1.671, "ts": "15:47:49.475"}
{"evt": "OUT_TX", "id": "0x5a0", "t": 1.671, "ts": "15:47:49.475"}
{"evt": "OUT_TX", "id": "0x603", "t": 1.671, "ts": "15:47:49.475"}
{"evt": "OUT_TX", "id": "0x5a0", "t": 1.671, "ts": "15:47:49.476"}
{"evt": "OUT_TX", "id": "0x6c0", "t": 1.672, "ts": "15:47:49.476"}
{"evt": "OUT_TX", "id": "0x6c1", "t": 1.672, "ts": "15:47:49.476"}
{"evt": "OUT_TX", "id": "0x5a0", "t": 1.672, "ts": "15:47:49.476"}
{"evt": "OUT_TX", "id": "0x603", "t": 1.672, "ts": "15:47:49.477"}
{"evt": "OUT_TX", "id": "0x5a0", "t": 1.673, "ts": "15:47:49.477"}
{"evt": "OUT_TX", "id": "0x6c0", "t": 1.673, "ts": "15:47:49.477"}
{"evt": "OUT_TX", "id": "0x5a0", "t": 1.673, "ts": "15:47:49.477"}
{"evt": "OUT_TX", "id": "0x603", "t": 1.673, "ts": "15:47:49.477"}
{"evt": "OUT_TX", "id": "0x5a0", "t": 1.673, "ts": "15:47:49.478"}
{"evt": "OUT_TX", "id": "0x6c0", "t": 1.674, "ts": "15:47:49.478"}
{"evt": "OUT_TX", "id": "0x5a0", "t": 1.674, "ts": "15:47:49.478"}
{"evt": "OUT_TX", "id": "0x603", "t": 1.674, "ts": "15:47:49.478"}
{"evt": "OUT_TX", "id": "0x5a0", "t": 1.674, "ts": "15:47:49.479"}
{"evt": "OUT_TX", "id": "0x6c0", "t": 1.675, "ts": "15:47:49.479"}
{"evt": "OUT_TX", "id": "0x5a0", "t": 1.675, "ts": "15:47:49.479"}
{"evt": "OUT_TX", "id": "0x603", "t": 1.675, "ts": "15:47:49.479"}
{"evt": "OUT_TX", "id": "0x5a0", "t": 1.675, "ts": "15:47:49.479"}
{"evt": "OUT_TX", "id": "0x6c0", "t": 1.675, "ts": "15:47:49.480"}
{"evt": "OUT_TX", "id": "0x5a0", "t": 1.676, "ts": "15:47:49.480"}
{"evt": "OUT_TX", "id": "0x603", "t": 1.676, "ts": "15:47:49.480"}
{"evt": "OUT_TX", "id": "0x5a0", "t": 1.676, "ts": "15:47:49.480"}
{"evt": "OUT_TX", "id": "0x6c0", "t": 1.676, "ts": "15:47:49.481"}
{"evt": "OUT_TX", "id": "0x5a0", "t": 1.677, "ts": "15:47:49.481"}
{"evt": "OUT_TX", "id": "0x603", "t": 1.677, "ts": "15:47:49.481"}
{"evt": "OUT_TX", "id": "0x5a0", "t": 1.677, "ts": "15:47:49.481"}
{"evt": "OUT_TX", "id": "0x6c0", "t": 1.677, "ts": "15:47:49.481"}
{"evt": "OUT_TX", "id": "0x5a0", "t": 1.677, "ts": "15:47:49.482"}
{"evt": "OUT_TX", "id": "0x603", "t": 1.678, "ts": "15:47:49.482"}
{"evt": "OUT_TX", "id": "0x5a0", "t": 1.678, "ts": "15:47:49.482"}
{"evt": "OUT_TX", "id": "0x6c0", "t": 1.678, "ts": "15:47:49.482"}
{"evt": "OUT_TX", "id": "0x5a0", "t": 1.678, "ts": "15:47:49.483"}
{"evt": "OUT_TX", "id": "0x603", "t": 1.679, "ts": "15:47:49.483"}
{"evt": "OUT_TX", "id": "0x5a0", "t": 1.679, "ts": "15:47:49.483"}
{"evt": "OUT_TX", "id": "0x6c0", "t": 1.679, "ts": "15:47:49.483"}
{"evt": "OUT_TX", "id": "0x5a0", "t": 1.679, "ts": "15:47:49.483"}
{"evt": "OUT_TX", "id": "0x603", "t": 1.679, "ts": "15:47:49.484"}
{"evt": "OUT_TX", "id": "0x5a0", "t": 1.68, "ts": "15:47:49.484"}
{"evt": "OUT_TX", "id": "0x6c0", "t": 1.68, "ts": "15:47:49.484"}
{"evt": "OUT_TX", "id": "0x5a0", "t": 1.68, "ts": "15:47:49.484"}
{"evt": "OUT_TX", "id": "0x603", "t": 1.68, "ts": "15:47:49.485"}
{"evt": "OUT_TX", "id": "0x5a0", "t": 1.681, "ts": "15:47:49.485"}
{"evt": "OUT_TX", "id": "0x6c0", "t": 1.681, "ts": "15:47:49.485"}
{"evt": "OUT_TX", "id": "0x6c1", "t": 1.681, "ts": "15:47:49.485"}
{"evt": "OUT_TX", "id": "0x5a0", "t": 1.681, "ts": "15:47:49.485"}
{"evt": "OUT_TX", "id": "0x603", "t": 1.681, "ts": "15:47:49.486"}
{"evt": "OUT_TX", "id": "0x5a0", "t": 1.682, "ts": "15:47:49.486"}
{"evt": "OUT_TX", "id": "0x6c0", "t": 1.682, "ts": "15:47:49.486"}
{"evt": "OUT_TX", "id": "0x5a0", "t": 1.682, "ts": "15:47:49.486"}
{"evt": "OUT_TX", "id": "0x603", "t": 1.682, "ts": "15:47:49.487"}
{"evt": "OUT_TX", "id": "0x5a0", "t": 1.683, "ts": "15:47:49.487"}
{"evt": "OUT_TX", "id": "0x6c0", "t": 1.683, "ts": "15:47:49.487"}
{"evt": "OUT_TX", "id": "0x5a0", "t": 1.683, "ts": "15:47:49.487"}
{"evt": "OUT_TX", "id": "0x603", "t": 1.683, "ts": "15:47:49.488"}
{"evt": "OUT_TX", "id": "0x5a0", "t": 1.684, "ts": "15:47:49.488"}
{"evt": "OUT_TX", "id": "0x6c0", "t": 1.684, "ts": "15:47:49.488"}
{"evt": "OUT_TX", "id": "0x5a0", "t": 1.684, "ts": "15:47:49.488"}
{"evt": "OUT_TX", "id": "0x603", "t": 1.684, "ts": "15:47:49.488"}
{"evt": "OUT_TX", "id": "0x5a0", "t": 1.684, "ts": "15:47:49.489"}
{"evt": "OUT_TX", "id": "0x6c0", "t": 1.685, "ts": "15:47:49.489"}
{"evt": "OUT_TX", "id": "0x5a0", "t": 1.685, "ts": "15:47:49.489"}
{"evt": "OUT_TX", "id": "0x603", "t": 1.685, "ts": "15:47:49.489"}
{"evt": "OUT_TX", "id": "0x5a0", "t": 1.685, "ts": "15:47:49.490"}
{"evt": "OUT_TX", "id": "0x6c0", "t": 1.686, "ts": "15:47:49.490"}
{"evt": "OUT_TX", "id": "0x5a0", "t": 1.686, "ts": "15:47:49.490"}
{"evt": "OUT_TX", "id": "0x603", "t": 1.686, "ts": "15:47:49.490"}
{"evt": "OUT_TX", "id": "0x5a0", "t": 1.686, "ts": "15:47:49.490"}
{"evt": "OUT_TX", "id": "0x6c0", "t": 1.686, "ts": "15:47:49.491"}
{"evt": "OUT_TX", "id": "0x5a0", "t": 1.687, "ts": "15:47:49.491"}
{"evt": "OUT_TX", "id": "0x603", "t": 1.687, "ts": "15:47:49.491"}
{"evt": "OUT_TX", "id": "0x5a0", "t": 1.687, "ts": "15:47:49.491"}
{"evt": "OUT_TX", "id": "0x6c0", "t": 1.687, "ts": "15:47:49.492"}
{"evt": "OUT_TX", "id": "0x5a0", "t": 1.688, "ts": "15:47:49.492"}
{"evt": "OUT_TX", "id": "0x603", "t": 1.688, "ts": "15:47:49.492"}
{"evt": "OUT_TX", "id": "0x5a0", "t": 1.688, "ts": "15:47:49.492"}
{"evt": "OUT_TX", "id": "0x6c0", "t": 1.688, "ts": "15:47:49.493"}
{"evt": "OUT_TX", "id": "0x5a0", "t": 1.689, "ts": "15:47:49.493"}
{"evt": "OUT_TX", "id": "0x603", "t": 1.689, "ts": "15:47:49.493"}
{"evt": "OUT_TX", "id": "0x5a0", "t": 1.689, "ts": "15:47:49.493"}
{"evt": "OUT_TX", "id": "0x6c0", "t": 1.689, "ts": "15:47:49.494"}
{"evt": "OUT_TX", "id": "0x5a0", "t": 1.69, "ts": "15:47:49.494"}
{"evt": "OUT_TX", "id": "0x603", "t": 1.69, "ts": "15:47:49.494"}
{"evt": "OUT_TX", "id": "0x5a0", "t": 1.69, "ts": "15:47:49.494"}
{"evt": "OUT_TX", "id": "0x6c0", "t": 1.69, "ts": "15:47:49.494"}
{"evt": "OUT_TX", "id": "0x6c1", "t": 1.69, "ts": "15:47:49.495"}
{"evt": "OUT_TX", "id": "0x5a0", "t": 1.691, "ts": "15:47:49.495"}
{"evt": "OUT_TX", "id": "0x603", "t": 1.691, "ts": "15:47:49.495"}
{"evt": "OUT_TX", "id": "0x5a0", "t": 1.691, "ts": "15:47:49.495"}
{"evt": "OUT_TX", "id": "0x6c0", "t": 1.691, "ts": "15:47:49.496"}
{"evt": "OUT_TX", "id": "0x5a0", "t": 1.692, "ts": "15:47:49.496"}
{"evt": "OUT_TX", "id": "0x603", "t": 1.692, "ts": "15:47:49.496"}
{"evt": "OUT_TX", "id": "0x5a0", "t": 1.692, "ts": "15:47:49.496"}
{"evt": "OUT_TX", "id": "0x6c0", "t": 1.692, "ts": "15:47:49.497"}
{"evt": "OUT_TX", "id": "0x5a0", "t": 1.693, "ts": "15:47:49.497"}
{"evt": "OUT_TX", "id": "0x603", "t": 1.693, "ts": "15:47:49.497"}
{"evt": "OUT_TX", "id": "0x5a0", "t": 1.693, "ts": "15:47:49.497"}
{"evt": "OUT_TX", "id": "0x6c0", "t": 1.693, "ts": "15:47:49.497"}
{"evt": "OUT_TX", "id": "0x5a0", "t": 1.693, "ts": "15:47:49.498"}
{"evt": "OUT_TX", "id": "0x603", "t": 1.694, "ts": "15:47:49.498"}
{"evt": "OUT_TX", "id": "0x5a0", "t": 1.694, "ts": "15:47:49.498"}
{"evt": "OUT_TX", "id": "0x6c0", "t": 1.694, "ts": "15:47:49.498"}
{"evt": "OUT_TX", "id": "0x5a0", "t": 1.694, "ts": "15:47:49.499"}
{"evt": "OUT_TX", "id": "0x603", "t": 1.695, "ts": "15:47:49.499"}
{"evt": "OUT_TX", "id": "0x5a0", "t": 1.695, "ts": "15:47:49.499"}
{"evt": "OUT_TX", "id": "0x6c0", "t": 1.695, "ts": "15:47:49.499"}
{"evt": "OUT_TX", "id": "0x5a0", "t": 1.695, "ts": "15:47:49.499"}
{"evt": "OUT_TX", "id": "0x603", "t": 1.695, "ts": "15:47:49.500"}
{"evt": "OUT_TX", "id": "0x5a0", "t": 1.696, "ts": "15:47:49.500"}
{"evt": "OUT_TX", "id": "0x6c0", "t": 1.696, "ts": "15:47:49.500"}
{"evt": "OUT_TX", "id": "0x5a0", "t": 1.696, "ts": "15:47:49.500"}
{"evt": "OUT_TX", "id": "0x603", "t": 1.696, "ts": "15:47:49.501"}
{"evt": "OUT_TX", "id": "0x5a0", "t": 1.697, "ts": "15:47:49.501"}
{"evt": "OUT_TX", "id": "0x6c0", "t": 1.697, "ts": "15:47:49.501"}
{"evt": "OUT_TX", "id": "0x5a0", "t": 1.697, "ts": "15:47:49.501"}
{"evt": "OUT_TX", "id": "0x603", "t": 1.697, "ts": "15:47:49.502"}
{"evt": "OUT_TX", "id": "0x5a0", "t": 1.698, "ts": "15:47:49.502"}
{"evt": "OUT_TX", "id": "0x6c0", "t": 1.698, "ts": "15:47:49.502"}
{"evt": "OUT_TX", "id": "0x5a0", "t": 1.698, "ts": "15:47:49.502"}
{"evt": "OUT_TX", "id": "0x603", "t": 1.698, "ts": "15:47:49.503"}
{"evt": "OUT_TX", "id": "0x5a0", "t": 1.699, "ts": "15:47:49.503"}
{"evt": "OUT_TX", "id": "0x6c0", "t": 1.699, "ts": "15:47:49.503"}
{"evt": "OUT_TX", "id": "0x5a0", "t": 1.699, "ts": "15:47:49.503"}
{"evt": "OUT_TX", "id": "0x603", "t": 1.699, "ts": "15:47:49.504"}
{"evt": "OUT_TX", "id": "0x5a0", "t": 1.699, "ts": "15:47:49.504"}
{"evt": "OUT_TX", "id": "0x6c0", "t": 1.7, "ts": "15:47:49.504"}
{"evt": "OUT_TX", "id": "0x6c1", "t": 1.7, "ts": "15:47:49.504"}
{"evt": "OUT_TX", "id": "0x5a0", "t": 1.7, "ts": "15:47:49.504"}
{"evt": "OUT_TX", "id": "0x603", "t": 1.7, "ts": "15:47:49.505"}
{"evt": "OUT_TX", "id": "0x5a0", "t": 1.701, "ts": "15:47:49.505"}
{"evt": "OUT_TX", "id": "0x6c0", "t": 1.701, "ts": "15:47:49.505"}
{"evt": "OUT_TX", "id": "0x5a0", "t": 1.701, "ts": "15:47:49.505"}
{"evt": "OUT_TX", "id": "0x603", "t": 1.701, "ts": "15:47:49.506"}
{"evt": "OUT_TX", "id": "0x5a0", "t": 1.702, "ts": "15:47:49.506"}
{"evt": "OUT_TX", "id": "0x6c0", "t": 1.702, "ts": "15:47:49.506"}
{"evt": "OUT_TX", "id": "0x5a0", "t": 1.702, "ts": "15:47:49.506"}
{"evt": "OUT_TX", "id": "0x603", "t": 1.702, "ts": "15:47:49.507"}
{"evt": "OUT_TX", "id": "0x5a0", "t": 1.703, "ts": "15:47:49.507"}
{"evt": "OUT_TX", "id": "0x6c0", "t": 1.703, "ts": "15:47:49.507"}
{"evt": "OUT_TX", "id": "0x5a0", "t": 1.703, "ts": "15:47:49.507"}
{"evt": "OUT_TX", "id": "0x603", "t": 1.703, "ts": "15:47:49.508"}
{"evt": "OUT_TX", "id": "0x5a0", "t": 1.704, "ts": "15:47:49.508"}
{"evt": "OUT_TX", "id": "0x6c0", "t": 1.704, "ts": "15:47:49.508"}
{"evt": "OUT_TX", "id": "0x5a0", "t": 1.704, "ts": "15:47:49.508"}
{"evt": "OUT_TX", "id": "0x603", "t": 1.704, "ts": "15:47:49.509"}
{"evt": "OUT_TX", "id": "0x5a0", "t": 1.705, "ts": "15:47:49.509"}
{"evt": "OUT_TX", "id": "0x6c0", "t": 1.705, "ts": "15:47:49.509"}
{"evt": "OUT_TX", "id": "0x5a0", "t": 1.705, "ts": "15:47:49.510"}
{"evt": "OUT_TX", "id": "0x603", "t": 1.706, "ts": "15:47:49.510"}
{"evt": "OUT_TX", "id": "0x5a0", "t": 2.044, "ts": "15:47:49.848"}
{"evt": "OUT_TX", "id": "0x6c0", "t": 2.544, "ts": "15:47:50.348"}
{"evt": "OUT_TX", "id": "0x5a0", "t": 2.544, "ts": "15:47:50.349"}
{"evt": "OUT_TX", "id": "0x603", "t": 2.545, "ts": "15:47:50.349"}
{"evt": "OUT_TX", "id": "0x5a0", "t": 3.045, "ts": "15:47:50.849"}
{"evt": "OUT_TX", "id": "0x6c0", "t": 3.545, "ts": "15:47:51.349"}
{"evt": "OUT_TX", "id": "0x6c0", "t": 3.545, "ts": "15:47:51.350"}
{"evt": "OUT_TX", "id": "0x5a0", "t": 3.546, "ts": "15:47:51.350"}
{"evt": "OUT_TX", "id": "0x603", "t": 3.546, "ts": "15:47:51.351"}
{"evt": "OUT_TX", "id": "0x5a0", "t": 4.045, "ts": "15:47:51.849"}
{"evt": "OUT_TX", "id": "0x6c0", "t": 4.547, "ts": "15:47:52.351"}
{"evt": "OUT_TX", "id": "0x5a0", "t": 4.547, "ts": "15:47:52.352"}
{"evt": "OUT_TX", "id": "0x603", "t": 4.548, "ts": "15:47:52.352"}
{"evt": "OUT_TX", "id": "0x5a0", "t": 5.047, "ts": "15:47:52.851"}
{"evt": "OUT_TX", "id": "0x6c0", "t": 5.547, "ts": "15:47:53.351"}
{"evt": "OUT_TX", "id": "0x5a0", "t": 5.548, "ts": "15:47:53.352"}
{"evt": "OUT_TX", "id": "0x603", "t": 5.548, "ts": "15:47:53.352"}
{"evt": "OUT_TX", "id": "0x5a0", "t": 6.047, "ts": "15:47:53.852"}
{"evt": "OUT_TX", "id": "0x6c0", "t": 6.547, "ts": "15:47:54.351"}
{"evt": "OUT_TX", "id": "0x6c1", "t": 6.547, "ts": "15:47:54.352"}
{"evt": "OUT_TX", "id": "0x5a0", "t": 6.548, "ts": "15:47:54.352"}
{"evt": "OUT_TX", "id": "0x603", "t": 6.548, "ts": "15:47:54.352"}
{"evt": "OUT_TX", "id": "0x5a0", "t": 7.048, "ts": "15:47:54.852"}
{"evt": "OUT_TX", "id": "0x6c0", "t": 7.548, "ts": "15:47:55.352"}
{"evt": "OUT_TX", "id": "0x5a0", "t": 7.548, "ts": "15:47:55.353"}
{"evt": "OUT_TX", "id": "0x603", "t": 7.549, "ts": "15:47:55.353"}
{"evt": "OUT_TX", "id": "0x5a0", "t": 8.049, "ts": "15:47:55.853"}
{"evt": "WAKE_START", "id": "0x795", "period_ms": 100, "payload": "0000000000000000", "ts": "15:52:44.977"}
